wandb: Currently logged in as: analiju (analiju-paris) to https://api.wandb.ai. Use `wandb login --relogin` to force relogin
Conda version: 25.5.1
Python version: 3.10.13
PyTorch version: 2.5.1
CUDA available: True
CUDA device count: 2
Torchvision version: 0.20.1
Successfully set to use GPU: 0 (NVIDIA RTX A6000)
Final DEVICE variable is set to: cuda:0
Current PyTorch default device: 0
Current PyTorch default device (after set_device): 0
Dummy tensor is on device: cuda:0
Y_AWARE: False

=== Starting run with seed 42 ===
Total samples in folder: 27000, classes: ['AnnualCrop', 'Forest', 'HerbaceousVegetation', 'Highway', 'Industrial', 'Pasture', 'PermanentCrop', 'Residential', 'River', 'SeaLake']
Stratified split sizes: train=21600, val=2700, test=2700
wandb: Tracking run with wandb version 0.21.0
wandb: Run data is saved locally in /users/c/carvalhj/projects/eurosat_preprocessing/exploratory_notebooks/notebooks/wandb/run-20250729_192548-trd1en52
wandb: Run `wandb offline` to turn off syncing.
wandb: Syncing run BS256_LR4e-04_SEED42_TEMPERATURE0.2_EPOCHS200
wandb: ⭐️ View project at https://wandb.ai/analiju-paris/eurosat-contrastive-scratch
wandb: 🚀 View run at https://wandb.ai/analiju-paris/eurosat-contrastive-scratch/runs/trd1en52
Computed mean: [0.3441457152366638, 0.3800986111164093, 0.40766361355781555]
Computed std:  [0.09299743920564651, 0.06464490294456482, 0.054139167070388794]
Mean and std saved to models/mean_std.txt
Train/Val/Test loaders: 84/11/11 batches
Starting SimCLR training...
Starting SimCLR training at 2025-07-29 19:25:49
Measuring time...
Epochs:   0%|          | 0/200 [00:00<?, ?it/s]
/users/c/carvalhj/miniconda3/envs/yaware_eurosat/lib/python3.10/site-packages/torch/optim/lr_scheduler.py:240: UserWarning: The epoch parameter in `scheduler.step()` was not necessary and is being deprecated where possible. Please use `scheduler.step()` to step the scheduler. During the deprecation, if epoch is different from None, the closed form is used instead of the new chainable form, where available. Please open an issue if you are unable to replicate your use case: https://github.com/pytorch/pytorch/issues/new/choose.
  warnings.warn(EPOCH_DEPRECATION_WARNING, UserWarning)
/users/c/carvalhj/miniconda3/envs/yaware_eurosat/lib/python3.10/site-packages/sklearn/linear_model/_logistic.py:1264: FutureWarning: 'multi_class' was deprecated in version 1.5 and will be removed in 1.7. From then on, it will always use 'multinomial'. Leave it to its default value to avoid this warning.
  warnings.warn(
/users/c/carvalhj/miniconda3/envs/yaware_eurosat/lib/python3.10/site-packages/sklearn/linear_model/_logistic.py:470: ConvergenceWarning: lbfgs failed to converge after 200 iteration(s) (status=1):
STOP: TOTAL NO. OF ITERATIONS REACHED LIMIT

Increase the number of iterations to improve the convergence (max_iter=200).
You might also want to scale the data as shown in:
    https://scikit-learn.org/stable/modules/preprocessing.html
Please also refer to the documentation for alternative solver options:
    https://scikit-learn.org/stable/modules/linear_model.html#logistic-regression
  n_iter_i = _check_optimize_result(
[probe] val accuracy = 92.15%
/users/c/carvalhj/miniconda3/envs/yaware_eurosat/lib/python3.10/site-packages/sklearn/linear_model/_logistic.py:1264: FutureWarning: 'multi_class' was deprecated in version 1.5 and will be removed in 1.7. From then on, it will always use 'multinomial'. Leave it to its default value to avoid this warning.
  warnings.warn(
/users/c/carvalhj/miniconda3/envs/yaware_eurosat/lib/python3.10/site-packages/sklearn/linear_model/_logistic.py:470: ConvergenceWarning: lbfgs failed to converge after 200 iteration(s) (status=1):
STOP: TOTAL NO. OF ITERATIONS REACHED LIMIT

Increase the number of iterations to improve the convergence (max_iter=200).
You might also want to scale the data as shown in:
    https://scikit-learn.org/stable/modules/preprocessing.html
Please also refer to the documentation for alternative solver options:
    https://scikit-learn.org/stable/modules/linear_model.html#logistic-regression
  n_iter_i = _check_optimize_result(
[probe] val accuracy = 94.70%
Epoch 20/200 | Train Loss: 3.4149, Val Loss: 3.4864 | Logistic Probe Acc (Val): 0.921, Logistic Probe Acc (Train): 0.947 | Contrastive Acc (Train): 0.442, Contrastive Acc (Val): 0.446 | KNN Acc (Val): 0.862
/users/c/carvalhj/miniconda3/envs/yaware_eurosat/lib/python3.10/site-packages/sklearn/linear_model/_logistic.py:1264: FutureWarning: 'multi_class' was deprecated in version 1.5 and will be removed in 1.7. From then on, it will always use 'multinomial'. Leave it to its default value to avoid this warning.
  warnings.warn(
[probe] val accuracy = 93.56%
/users/c/carvalhj/miniconda3/envs/yaware_eurosat/lib/python3.10/site-packages/sklearn/linear_model/_logistic.py:1264: FutureWarning: 'multi_class' was deprecated in version 1.5 and will be removed in 1.7. From then on, it will always use 'multinomial'. Leave it to its default value to avoid this warning.
  warnings.warn(
[probe] val accuracy = 96.41%
Epoch 40/200 | Train Loss: 3.2070, Val Loss: 3.2153 | Logistic Probe Acc (Val): 0.936, Logistic Probe Acc (Train): 0.964 | Contrastive Acc (Train): 0.521, Contrastive Acc (Val): 0.511 | KNN Acc (Val): 0.906
/users/c/carvalhj/miniconda3/envs/yaware_eurosat/lib/python3.10/site-packages/sklearn/linear_model/_logistic.py:1264: FutureWarning: 'multi_class' was deprecated in version 1.5 and will be removed in 1.7. From then on, it will always use 'multinomial'. Leave it to its default value to avoid this warning.
  warnings.warn(
[probe] val accuracy = 94.85%
/users/c/carvalhj/miniconda3/envs/yaware_eurosat/lib/python3.10/site-packages/sklearn/linear_model/_logistic.py:1264: FutureWarning: 'multi_class' was deprecated in version 1.5 and will be removed in 1.7. From then on, it will always use 'multinomial'. Leave it to its default value to avoid this warning.
  warnings.warn(
[probe] val accuracy = 97.31%
Epoch 60/200 | Train Loss: 3.0847, Val Loss: 3.1703 | Logistic Probe Acc (Val): 0.949, Logistic Probe Acc (Train): 0.973 | Contrastive Acc (Train): 0.545, Contrastive Acc (Val): 0.527 | KNN Acc (Val): 0.923
/users/c/carvalhj/miniconda3/envs/yaware_eurosat/lib/python3.10/site-packages/sklearn/linear_model/_logistic.py:1264: FutureWarning: 'multi_class' was deprecated in version 1.5 and will be removed in 1.7. From then on, it will always use 'multinomial'. Leave it to its default value to avoid this warning.
  warnings.warn(
[probe] val accuracy = 95.67%
/users/c/carvalhj/miniconda3/envs/yaware_eurosat/lib/python3.10/site-packages/sklearn/linear_model/_logistic.py:1264: FutureWarning: 'multi_class' was deprecated in version 1.5 and will be removed in 1.7. From then on, it will always use 'multinomial'. Leave it to its default value to avoid this warning.
  warnings.warn(
[probe] val accuracy = 97.69%
Epoch 80/200 | Train Loss: 2.9998, Val Loss: 3.0375 | Logistic Probe Acc (Val): 0.957, Logistic Probe Acc (Train): 0.977 | Contrastive Acc (Train): 0.592, Contrastive Acc (Val): 0.593 | KNN Acc (Val): 0.935
/users/c/carvalhj/miniconda3/envs/yaware_eurosat/lib/python3.10/site-packages/sklearn/linear_model/_logistic.py:1264: FutureWarning: 'multi_class' was deprecated in version 1.5 and will be removed in 1.7. From then on, it will always use 'multinomial'. Leave it to its default value to avoid this warning.
  warnings.warn(
[probe] val accuracy = 95.70%
/users/c/carvalhj/miniconda3/envs/yaware_eurosat/lib/python3.10/site-packages/sklearn/linear_model/_logistic.py:1264: FutureWarning: 'multi_class' was deprecated in version 1.5 and will be removed in 1.7. From then on, it will always use 'multinomial'. Leave it to its default value to avoid this warning.
  warnings.warn(
[probe] val accuracy = 98.02%
Epoch 100/200 | Train Loss: 2.9069, Val Loss: 3.0823 | Logistic Probe Acc (Val): 0.957, Logistic Probe Acc (Train): 0.980 | Contrastive Acc (Train): 0.592, Contrastive Acc (Val): 0.580 | KNN Acc (Val): 0.940
/users/c/carvalhj/miniconda3/envs/yaware_eurosat/lib/python3.10/site-packages/sklearn/linear_model/_logistic.py:1264: FutureWarning: 'multi_class' was deprecated in version 1.5 and will be removed in 1.7. From then on, it will always use 'multinomial'. Leave it to its default value to avoid this warning.
  warnings.warn(
[probe] val accuracy = 95.85%
/users/c/carvalhj/miniconda3/envs/yaware_eurosat/lib/python3.10/site-packages/sklearn/linear_model/_logistic.py:1264: FutureWarning: 'multi_class' was deprecated in version 1.5 and will be removed in 1.7. From then on, it will always use 'multinomial'. Leave it to its default value to avoid this warning.
  warnings.warn(
[probe] val accuracy = 98.23%
Epoch 120/200 | Train Loss: 2.8467, Val Loss: 2.9470 | Logistic Probe Acc (Val): 0.959, Logistic Probe Acc (Train): 0.982 | Contrastive Acc (Train): 0.633, Contrastive Acc (Val): 0.616 | KNN Acc (Val): 0.944
/users/c/carvalhj/miniconda3/envs/yaware_eurosat/lib/python3.10/site-packages/sklearn/linear_model/_logistic.py:1264: FutureWarning: 'multi_class' was deprecated in version 1.5 and will be removed in 1.7. From then on, it will always use 'multinomial'. Leave it to its default value to avoid this warning.
  warnings.warn(
[probe] val accuracy = 96.00%
/users/c/carvalhj/miniconda3/envs/yaware_eurosat/lib/python3.10/site-packages/sklearn/linear_model/_logistic.py:1264: FutureWarning: 'multi_class' was deprecated in version 1.5 and will be removed in 1.7. From then on, it will always use 'multinomial'. Leave it to its default value to avoid this warning.
  warnings.warn(
[probe] val accuracy = 98.43%
Epoch 140/200 | Train Loss: 2.7836, Val Loss: 2.8848 | Logistic Probe Acc (Val): 0.960, Logistic Probe Acc (Train): 0.984 | Contrastive Acc (Train): 0.665, Contrastive Acc (Val): 0.653 | KNN Acc (Val): 0.941
/users/c/carvalhj/miniconda3/envs/yaware_eurosat/lib/python3.10/site-packages/sklearn/linear_model/_logistic.py:1264: FutureWarning: 'multi_class' was deprecated in version 1.5 and will be removed in 1.7. From then on, it will always use 'multinomial'. Leave it to its default value to avoid this warning.
  warnings.warn(
[probe] val accuracy = 96.00%
/users/c/carvalhj/miniconda3/envs/yaware_eurosat/lib/python3.10/site-packages/sklearn/linear_model/_logistic.py:1264: FutureWarning: 'multi_class' was deprecated in version 1.5 and will be removed in 1.7. From then on, it will always use 'multinomial'. Leave it to its default value to avoid this warning.
  warnings.warn(
[probe] val accuracy = 98.52%
Epoch 160/200 | Train Loss: 2.7296, Val Loss: 2.8214 | Logistic Probe Acc (Val): 0.960, Logistic Probe Acc (Train): 0.985 | Contrastive Acc (Train): 0.692, Contrastive Acc (Val): 0.679 | KNN Acc (Val): 0.943
/users/c/carvalhj/miniconda3/envs/yaware_eurosat/lib/python3.10/site-packages/sklearn/linear_model/_logistic.py:1264: FutureWarning: 'multi_class' was deprecated in version 1.5 and will be removed in 1.7. From then on, it will always use 'multinomial'. Leave it to its default value to avoid this warning.
  warnings.warn(
[probe] val accuracy = 96.15%
/users/c/carvalhj/miniconda3/envs/yaware_eurosat/lib/python3.10/site-packages/sklearn/linear_model/_logistic.py:1264: FutureWarning: 'multi_class' was deprecated in version 1.5 and will be removed in 1.7. From then on, it will always use 'multinomial'. Leave it to its default value to avoid this warning.
  warnings.warn(
[probe] val accuracy = 98.58%
Epoch 180/200 | Train Loss: 2.6992, Val Loss: 2.7428 | Logistic Probe Acc (Val): 0.961, Logistic Probe Acc (Train): 0.986 | Contrastive Acc (Train): 0.706, Contrastive Acc (Val): 0.687 | KNN Acc (Val): 0.952
/users/c/carvalhj/miniconda3/envs/yaware_eurosat/lib/python3.10/site-packages/sklearn/linear_model/_logistic.py:1264: FutureWarning: 'multi_class' was deprecated in version 1.5 and will be removed in 1.7. From then on, it will always use 'multinomial'. Leave it to its default value to avoid this warning.
  warnings.warn(
[probe] val accuracy = 96.15%
/users/c/carvalhj/miniconda3/envs/yaware_eurosat/lib/python3.10/site-packages/sklearn/linear_model/_logistic.py:1264: FutureWarning: 'multi_class' was deprecated in version 1.5 and will be removed in 1.7. From then on, it will always use 'multinomial'. Leave it to its default value to avoid this warning.
  warnings.warn(
[probe] val accuracy = 98.58%
Epoch 200/200 | Train Loss: 2.6944, Val Loss: 2.7629 | Logistic Probe Acc (Val): 0.961, Logistic Probe Acc (Train): 0.986 | Contrastive Acc (Train): 0.708, Contrastive Acc (Val): 0.687 | KNN Acc (Val): 0.951
Final contrastive accuracy on val split: 69.39%
Final contrastive accuracy on train split: 70.69%
Final kNN (k=5) on train: 100.00%
Final kNN (k=5) on val: 95.07%
Final kNN (k=1) on train: 100.00%
wandb:                                                                                
wandb: 
wandb: Run history:
wandb:            contrastive_train_acc ▁▅▅▅▆▆▆▆▆▆▆▆▆▆▆▇▇▇▇▇▇▇▇▇▇▇▇█████████████
wandb:              contrastive_val_acc ▁▃▄▄▅▆▆▆▆▆▆▆▆▆▇▆▇▇▇▇▇▇▇▇▇█▇▇████████████
wandb:                            epoch ▁▂▂▂▂▂▂▂▂▃▃▃▃▃▃▃▃▄▄▄▄▄▅▅▅▅▅▅▅▆▆▆▆▆▇▇▇▇▇█
wandb:       final_contrastive_accuracy ▁
wandb: final_contrastive_accuracy_train ▁
wandb:                    final_knn_acc ▁
wandb:                 final_knn_acc_k1 ▁
wandb:              final_knn_train_acc ▁
wandb:           final_knn_train_acc_k1 ▁
wandb:                      knn_val_acc ▁▁▁▁▁▇██████████████████████████████████
wandb:               logistic_probe_acc ▁███████████████████████████████████████
wandb:         logistic_probe_train_acc ▁▁▁▁▁███████████████████████████████████
wandb:                simclr_train_loss █▄▃▃▃▃▂▂▂▂▂▂▂▂▂▂▂▂▂▂▁▁▁▁▁▁▁▁▁▁▁▁▁▁▁▁▁▁▁▁
wandb:                  simclr_val_loss █▇▆▆▆▅▄▅▆▄▄▄▄▃▃▃▃▃▃▃▃▄▃▄▂▂▂▃▂▂▂▂▂▁▁▂▁▁▁▁
wandb:            training_time_seconds ▁
wandb: 
wandb: Run summary:
wandb:            contrastive_train_acc 0.70764
wandb:              contrastive_val_acc 0.68722
wandb:                            epoch 200
wandb:       final_contrastive_accuracy 0.69389
wandb: final_contrastive_accuracy_train 0.70694
wandb:                    final_knn_acc 0.95074
wandb:                 final_knn_acc_k1 0.95074
wandb:              final_knn_train_acc 1
wandb:           final_knn_train_acc_k1 1
wandb:                      knn_val_acc 0.95074
wandb:               logistic_probe_acc 0.96148
wandb:         logistic_probe_train_acc 0.98579
wandb:                simclr_train_loss 2.69438
wandb:                  simclr_val_loss 2.76291
wandb:            training_time_seconds 28408.13516
wandb: 
wandb: 🚀 View run BS256_LR4e-04_SEED42_TEMPERATURE0.2_EPOCHS200 at: https://wandb.ai/analiju-paris/eurosat-contrastive-scratch/runs/trd1en52
wandb: ⭐️ View project at: https://wandb.ai/analiju-paris/eurosat-contrastive-scratch
wandb: Synced 5 W&B file(s), 0 media file(s), 0 artifact file(s) and 0 other file(s)
wandb: Find logs at: ./wandb/run-20250729_192548-trd1en52/logs
wandb: Tracking run with wandb version 0.21.0
wandb: Run data is saved locally in /users/c/carvalhj/projects/eurosat_preprocessing/exploratory_notebooks/notebooks/wandb/run-20250730_031922-rd1qrkfr
wandb: Run `wandb offline` to turn off syncing.
wandb: Syncing run logistic_probe_seed42_temperature0.2_bs256
wandb: ⭐️ View project at https://wandb.ai/analiju-paris/logistic_probe_eurosat-simclr
wandb: 🚀 View run at https://wandb.ai/analiju-paris/logistic_probe_eurosat-simclr/runs/rd1qrkfr
Final kNN (k=1) on val: 95.07%
Model saved to models/simclr_seed42_bs256_temp0.2_Tepochs200_lr0.000375.pth

=== Timing Breakdown ===
load_batch     : 177.4s (0.9s/epoch)
forward        : 7566.1s (37.8s/epoch)
loss+backward+opt: 15543.2s (77.7s/epoch)
scheduler      : 1.2s (0.0s/epoch)
val_forward    : 958.5s (4.8s/epoch)
contrastive_acc: 1840.2s (9.2s/epoch)
linear_probe   : 718.5s (3.6s/epoch)
knn            : 310.1s (1.6s/epoch)
checkpoint     : 1.8s (0.0s/epoch)
logging        : 0.0s (0.0s/epoch)
SimCLR training completed in 28408.14 seconds.
All runs completed.
Using mean: [0.3441457152366638, 0.3800986111164093, 0.40766361355781555]
Using std: [0.09299743920564651, 0.06464490294456482, 0.054139167070388794]
Total samples in folder: 27000, classes: ['AnnualCrop', 'Forest', 'HerbaceousVegetation', 'Highway', 'Industrial', 'Pasture', 'PermanentCrop', 'Residential', 'River', 'SeaLake']
Stratified split sizes: train=21600, val=2700, test=2700
Train/Test loaders: 94/11 batches
Successfully set to use GPU: 0 (NVIDIA RTX A6000)
Final DEVICE variable is set to: cuda:0
Current PyTorch default device: 0
Current PyTorch default device (after set_device): 0
Dummy tensor is on device: cuda:0
[Data] train+val loader has 94 batches
Fitting logistic regression probe…
/users/c/carvalhj/miniconda3/envs/yaware_eurosat/lib/python3.10/site-packages/sklearn/linear_model/_logistic.py:1264: FutureWarning: 'multi_class' was deprecated in version 1.5 and will be removed in 1.7. From then on, it will always use 'multinomial'. Leave it to its default value to avoid this warning.
  warnings.warn(
[Probe] Train+Val Acc: 96.41%,  Test Acc: 95.07%
Saved probe + encoder to models/logistic_probe_seed42_bs256.pkl
[1;34mwandb[0m: 
[1;34mwandb[0m: 🚀 View run [33mlogistic_probe_seed42_temperature0.2_bs256[0m at: [34mhttps://wandb.ai/analiju-paris/logistic_probe_eurosat-simclr/runs/rd1qrkf
r[0m
[1;34mwandb[0m: Find logs at: [1;35mwandb/run-20250730_031922-rd1qrkfr/logs[0m
