wandb: Currently logged in as: analiju (analiju-paris) to https://api.wandb.ai. Use `wandb login --relogin` to force relogin
Conda version: 25.5.1
Python version: 3.10.16
PyTorch version: 2.5.1
CUDA available: True
CUDA device count: 3
Torchvision version: 0.20.1
Successfully set to use GPU: 0 (Quadro RTX 5000)
Final DEVICE variable is set to: cuda:0
Current PyTorch default device: 0
Current PyTorch default device (after set_device): 0
Dummy tensor is on device: cuda:0

=== Starting run with seed 42 ===
Total samples in folder: 27000, classes: ['AnnualCrop', 'Forest', 'HerbaceousVegetation', 'Highway', 'Industrial', 'Pasture', 'PermanentCrop', 'Residential', 'River', 'SeaLake']
Stratified split sizes: train=21600, val=2700, test=2700
wandb: Tracking run with wandb version 0.19.11
wandb: Run data is saved locally in /users/c/carvalhj/projects/eurosat_preprocessing/exploratory_notebooks/wandb/run-20250619_121653-xxajvazw
wandb: Run `wandb offline` to turn off syncing.
wandb: Syncing run BS256_LR4e-04_SEED42_TEMPERATURE0.05
wandb: ⭐️ View project at https://wandb.ai/analiju-paris/eurosat-contrastive-scratch-grid-search
wandb: 🚀 View run at https://wandb.ai/analiju-paris/eurosat-contrastive-scratch-grid-search/runs/xxajvazw
Computed mean: [0.3441457152366638, 0.3800986111164093, 0.40766361355781555]
Computed std:  [0.09299743920564651, 0.06464490294456482, 0.054139167070388794]
Mean and std saved to models/mean_std.txt
Train/Val/Test loaders: 84/11/11 batches
Starting SimCLR training...
/users/c/carvalhj/miniconda3/envs/myenv/lib/python3.10/site-packages/torch/optim/lr_scheduler.py:240: UserWarning: The epoch parameter in `scheduler.step()` was not necessary and is being deprecated where possible. Please use `scheduler.step()` to step the scheduler. During the deprecation, if epoch is different from None, the closed form is used instead of the new chainable form, where available. Please open an issue if you are unable to replicate your use case: https://github.com/pytorch/pytorch/issues/new/choose.
  warnings.warn(EPOCH_DEPRECATION_WARNING, UserWarning)
Epoch 01/100 | Train Loss: 5.9305, Val Loss: 5.2334 | Probe Acc: 0.357
Epoch 02/100 | Train Loss: 4.7140, Val Loss: 4.2655 | Probe Acc: 0.481
Epoch 03/100 | Train Loss: 3.8891, Val Loss: 3.5040 | Probe Acc: 0.513
Epoch 04/100 | Train Loss: 3.1973, Val Loss: 3.0842 | Probe Acc: 0.586
Epoch 05/100 | Train Loss: 2.5301, Val Loss: 2.3872 | Probe Acc: 0.585
Epoch 06/100 | Train Loss: 2.1705, Val Loss: 1.8753 | Probe Acc: 0.588
Epoch 07/100 | Train Loss: 1.7727, Val Loss: 1.5755 | Probe Acc: 0.572
Epoch 08/100 | Train Loss: 1.4462, Val Loss: 1.3954 | Probe Acc: 0.576
Epoch 09/100 | Train Loss: 1.2619, Val Loss: 1.2241 | Probe Acc: 0.549
Epoch 10/100 | Train Loss: 1.1488, Val Loss: 1.1327 | Probe Acc: 0.580
Epoch 11/100 | Train Loss: 1.0435, Val Loss: 0.9891 | Probe Acc: 0.570
Epoch 12/100 | Train Loss: 0.9570, Val Loss: 1.0060 | Probe Acc: 0.568
Epoch 13/100 | Train Loss: 0.8762, Val Loss: 0.9008 | Probe Acc: 0.565
Epoch 14/100 | Train Loss: 0.8229, Val Loss: 0.9079 | Probe Acc: 0.566
Epoch 15/100 | Train Loss: 0.7840, Val Loss: 0.7870 | Probe Acc: 0.562
Epoch 16/100 | Train Loss: 0.7510, Val Loss: 0.7933 | Probe Acc: 0.575
Epoch 17/100 | Train Loss: 0.7143, Val Loss: 0.7121 | Probe Acc: 0.565
Epoch 18/100 | Train Loss: 0.6717, Val Loss: 0.6365 | Probe Acc: 0.576
Epoch 19/100 | Train Loss: 0.6293, Val Loss: 0.6486 | Probe Acc: 0.576
Epoch 20/100 | Train Loss: 0.6019, Val Loss: 0.5851 | Probe Acc: 0.586
Epoch 21/100 | Train Loss: 0.5853, Val Loss: 0.6052 | Probe Acc: 0.566
Epoch 22/100 | Train Loss: 0.5615, Val Loss: 0.6402 | Probe Acc: 0.570
Epoch 23/100 | Train Loss: 0.5371, Val Loss: 0.5352 | Probe Acc: 0.576
Epoch 24/100 | Train Loss: 0.5272, Val Loss: 0.6020 | Probe Acc: 0.578
Epoch 25/100 | Train Loss: 0.4965, Val Loss: 0.5130 | Probe Acc: 0.594
Epoch 26/100 | Train Loss: 0.4885, Val Loss: 0.4472 | Probe Acc: 0.559
Epoch 27/100 | Train Loss: 0.4597, Val Loss: 0.4992 | Probe Acc: 0.548
Epoch 28/100 | Train Loss: 0.4480, Val Loss: 0.4722 | Probe Acc: 0.579
Epoch 29/100 | Train Loss: 0.4149, Val Loss: 0.5110 | Probe Acc: 0.580
Epoch 30/100 | Train Loss: 0.4254, Val Loss: 0.3880 | Probe Acc: 0.576
Epoch 31/100 | Train Loss: 0.4094, Val Loss: 0.4131 | Probe Acc: 0.562
Epoch 32/100 | Train Loss: 0.3917, Val Loss: 0.4686 | Probe Acc: 0.597
Epoch 33/100 | Train Loss: 0.3912, Val Loss: 0.4306 | Probe Acc: 0.594
Epoch 34/100 | Train Loss: 0.3669, Val Loss: 0.4492 | Probe Acc: 0.575
Epoch 35/100 | Train Loss: 0.3700, Val Loss: 0.4087 | Probe Acc: 0.565
Epoch 36/100 | Train Loss: 0.3638, Val Loss: 0.3922 | Probe Acc: 0.589
Epoch 37/100 | Train Loss: 0.3431, Val Loss: 0.3780 | Probe Acc: 0.580
Epoch 38/100 | Train Loss: 0.3478, Val Loss: 0.3725 | Probe Acc: 0.591
Epoch 39/100 | Train Loss: 0.3231, Val Loss: 0.3290 | Probe Acc: 0.569
Epoch 40/100 | Train Loss: 0.3265, Val Loss: 0.3952 | Probe Acc: 0.588
Epoch 41/100 | Train Loss: 0.3173, Val Loss: 0.3534 | Probe Acc: 0.570
Epoch 42/100 | Train Loss: 0.3107, Val Loss: 0.4062 | Probe Acc: 0.549
Epoch 43/100 | Train Loss: 0.2946, Val Loss: 0.4437 | Probe Acc: 0.566
Epoch 44/100 | Train Loss: 0.2940, Val Loss: 0.3149 | Probe Acc: 0.570
Epoch 45/100 | Train Loss: 0.2816, Val Loss: 0.3181 | Probe Acc: 0.566
Epoch 46/100 | Train Loss: 0.2793, Val Loss: 0.2804 | Probe Acc: 0.581
Epoch 47/100 | Train Loss: 0.2674, Val Loss: 0.2871 | Probe Acc: 0.571
Epoch 48/100 | Train Loss: 0.2646, Val Loss: 0.3049 | Probe Acc: 0.562
Epoch 49/100 | Train Loss: 0.2579, Val Loss: 0.2396 | Probe Acc: 0.546
Epoch 50/100 | Train Loss: 0.2566, Val Loss: 0.2577 | Probe Acc: 0.577
Epoch 51/100 | Train Loss: 0.2480, Val Loss: 0.2669 | Probe Acc: 0.593
Epoch 52/100 | Train Loss: 0.2439, Val Loss: 0.2485 | Probe Acc: 0.564
Epoch 53/100 | Train Loss: 0.2328, Val Loss: 0.2602 | Probe Acc: 0.596
Epoch 54/100 | Train Loss: 0.2370, Val Loss: 0.2507 | Probe Acc: 0.560
Epoch 55/100 | Train Loss: 0.2301, Val Loss: 0.2417 | Probe Acc: 0.567
Epoch 56/100 | Train Loss: 0.2169, Val Loss: 0.2300 | Probe Acc: 0.574
Epoch 57/100 | Train Loss: 0.2146, Val Loss: 0.2507 | Probe Acc: 0.563
Epoch 58/100 | Train Loss: 0.2014, Val Loss: 0.2113 | Probe Acc: 0.553
Epoch 59/100 | Train Loss: 0.1968, Val Loss: 0.2395 | Probe Acc: 0.593
Epoch 60/100 | Train Loss: 0.1954, Val Loss: 0.2143 | Probe Acc: 0.576
Epoch 61/100 | Train Loss: 0.1907, Val Loss: 0.2196 | Probe Acc: 0.540
Epoch 62/100 | Train Loss: 0.1949, Val Loss: 0.2218 | Probe Acc: 0.567
Epoch 63/100 | Train Loss: 0.1790, Val Loss: 0.2054 | Probe Acc: 0.545
Epoch 64/100 | Train Loss: 0.1812, Val Loss: 0.1967 | Probe Acc: 0.560
Epoch 65/100 | Train Loss: 0.1739, Val Loss: 0.2194 | Probe Acc: 0.575
Epoch 66/100 | Train Loss: 0.1754, Val Loss: 0.2137 | Probe Acc: 0.563
Epoch 67/100 | Train Loss: 0.1699, Val Loss: 0.2001 | Probe Acc: 0.566
Epoch 68/100 | Train Loss: 0.1632, Val Loss: 0.1849 | Probe Acc: 0.574
Epoch 69/100 | Train Loss: 0.1580, Val Loss: 0.1787 | Probe Acc: 0.530
Epoch 70/100 | Train Loss: 0.1585, Val Loss: 0.1869 | Probe Acc: 0.509
Epoch 71/100 | Train Loss: 0.1500, Val Loss: 0.1719 | Probe Acc: 0.557
Epoch 72/100 | Train Loss: 0.1522, Val Loss: 0.1904 | Probe Acc: 0.556
Epoch 73/100 | Train Loss: 0.1507, Val Loss: 0.1521 | Probe Acc: 0.588
Epoch 74/100 | Train Loss: 0.1373, Val Loss: 0.1548 | Probe Acc: 0.576
Epoch 75/100 | Train Loss: 0.1281, Val Loss: 0.1435 | Probe Acc: 0.573
Epoch 76/100 | Train Loss: 0.1305, Val Loss: 0.1493 | Probe Acc: 0.554
Epoch 77/100 | Train Loss: 0.1264, Val Loss: 0.1514 | Probe Acc: 0.577
Epoch 78/100 | Train Loss: 0.1236, Val Loss: 0.1390 | Probe Acc: 0.561
Epoch 79/100 | Train Loss: 0.1253, Val Loss: 0.1375 | Probe Acc: 0.547
Epoch 80/100 | Train Loss: 0.1222, Val Loss: 0.1437 | Probe Acc: 0.557
Epoch 81/100 | Train Loss: 0.1167, Val Loss: 0.1296 | Probe Acc: 0.545
Epoch 82/100 | Train Loss: 0.1124, Val Loss: 0.1431 | Probe Acc: 0.586
Epoch 83/100 | Train Loss: 0.1121, Val Loss: 0.1164 | Probe Acc: 0.538
Epoch 84/100 | Train Loss: 0.1106, Val Loss: 0.1345 | Probe Acc: 0.573
Epoch 85/100 | Train Loss: 0.1075, Val Loss: 0.1318 | Probe Acc: 0.561
Epoch 86/100 | Train Loss: 0.0992, Val Loss: 0.1224 | Probe Acc: 0.572
Epoch 87/100 | Train Loss: 0.1053, Val Loss: 0.1334 | Probe Acc: 0.566
Epoch 88/100 | Train Loss: 0.0998, Val Loss: 0.1360 | Probe Acc: 0.560
Epoch 89/100 | Train Loss: 0.1045, Val Loss: 0.1235 | Probe Acc: 0.556
Epoch 90/100 | Train Loss: 0.0967, Val Loss: 0.1140 | Probe Acc: 0.543
Epoch 91/100 | Train Loss: 0.1026, Val Loss: 0.1235 | Probe Acc: 0.539
Epoch 92/100 | Train Loss: 0.0973, Val Loss: 0.1125 | Probe Acc: 0.566
Epoch 93/100 | Train Loss: 0.0985, Val Loss: 0.1133 | Probe Acc: 0.565
Epoch 94/100 | Train Loss: 0.0932, Val Loss: 0.1205 | Probe Acc: 0.581
Epoch 95/100 | Train Loss: 0.0968, Val Loss: 0.1230 | Probe Acc: 0.534
Epoch 96/100 | Train Loss: 0.0912, Val Loss: 0.1190 | Probe Acc: 0.556
Epoch 97/100 | Train Loss: 0.0894, Val Loss: 0.1192 | Probe Acc: 0.571
Epoch 98/100 | Train Loss: 0.0910, Val Loss: 0.1114 | Probe Acc: 0.565
Epoch 99/100 | Train Loss: 0.0904, Val Loss: 0.1343 | Probe Acc: 0.553
wandb: uploading history steps 99-99, summary, console lines 101-102
wandb:                                                                                
wandb: 
wandb: Run history:
wandb:             epoch ▁▁▁▁▁▂▂▂▂▂▂▃▃▃▃▃▄▄▄▄▅▅▅▅▅▅▅▆▆▆▇▇▇▇▇▇████
wandb:  linear_probe_acc ▁▃▇█▅▆▆▇▆▇▆▇▇█▅▇█▆▅▆█▆█▆▇▆▆▇▆▆▇▇▆▆▅▆▆▇▆▅
wandb: simclr_train_loss █▆▆▃▃▃▃▂▂▂▂▂▂▂▂▁▁▁▁▁▁▁▁▁▁▁▁▁▁▁▁▁▁▁▁▁▁▁▁▁
wandb:   simclr_val_loss █▇▆▄▄▃▂▂▂▂▂▂▂▂▂▂▂▁▂▂▁▁▁▁▁▁▁▁▁▁▁▁▁▁▁▁▁▁▁▁
wandb: 
wandb: Run summary:
wandb:             epoch 100
wandb:  linear_probe_acc 0.5537
wandb: simclr_train_loss 0.09526
wandb:   simclr_val_loss 0.1143
wandb: 
wandb: 🚀 View run BS256_LR4e-04_SEED42_TEMPERATURE0.05 at: https://wandb.ai/analiju-paris/eurosat-contrastive-scratch-grid-search/runs/xxajvazw
wandb: ⭐️ View project at: https://wandb.ai/analiju-paris/eurosat-contrastive-scratch-grid-search
wandb: Synced 5 W&B file(s), 0 media file(s), 0 artifact file(s) and 0 other file(s)
wandb: Find logs at: ./wandb/run-20250619_121653-xxajvazw/logs
wandb: Tracking run with wandb version 0.19.11
wandb: Run data is saved locally in /users/c/carvalhj/projects/eurosat_preprocessing/exploratory_notebooks/wandb/run-20250619_161806-ofyvk2eq
wandb: Run `wandb offline` to turn off syncing.
wandb: Syncing run linear_probe_seed42_temperature0.05_bs256
wandb: ⭐️ View project at https://wandb.ai/analiju-paris/linear_probe_eurosat-simclr
wandb: 🚀 View run at https://wandb.ai/analiju-paris/linear_probe_eurosat-simclr/runs/ofyvk2eq
Epoch 100/100 | Train Loss: 0.0953, Val Loss: 0.1143 | Probe Acc: 0.554
Model saved to models/simclr_model_seed42_temperature0.05_bs256.pth
All runs completed.
Using mean: [0.3441457152366638, 0.3800986111164093, 0.40766361355781555]
Using std: [0.09299743920564651, 0.06464490294456482, 0.054139167070388794]
Total samples in folder: 27000, classes: ['AnnualCrop', 'Forest', 'HerbaceousVegetation', 'Highway', 'Industrial', 'Pasture', 'PermanentCrop', 'Residential', 'River', 'SeaLake']
Stratified split sizes: train=21600, val=2700, test=2700
Train/Test loaders: 94/11 batches
Train + Val loader: 94 batches
Starting linear probe training...
/users/c/carvalhj/miniconda3/envs/myenv/lib/python3.10/site-packages/torch/optim/lr_scheduler.py:240: UserWarning: The epoch parameter in `scheduler.step()` was not necessary and is being deprecated where possible. Please use `scheduler.step()` to step the scheduler. During the deprecation, if epoch is different from None, the closed form is used instead of the new chainable form, where available. Please open an issue if you are unable to replicate your use case: https://github.com/pytorch/pytorch/issues/new/choose.
  warnings.warn(EPOCH_DEPRECATION_WARNING, UserWarning)
[Linear Probe] Epoch 1/20 - Loss: 1.9541, Accuracy: 41.84%
[Linear Probe] Epoch 2/20 - Loss: 1.3493, Accuracy: 64.05%
[Linear Probe] Epoch 3/20 - Loss: 1.2582, Accuracy: 66.32%
[Linear Probe] Epoch 4/20 - Loss: 1.2392, Accuracy: 66.15%
[Linear Probe] Epoch 5/20 - Loss: 1.2339, Accuracy: 66.44%
[Linear Probe] Epoch 6/20 - Loss: 1.2357, Accuracy: 65.88%
[Linear Probe] Epoch 7/20 - Loss: 1.2312, Accuracy: 66.77%
[Linear Probe] Epoch 8/20 - Loss: 1.2293, Accuracy: 66.52%
[Linear Probe] Epoch 9/20 - Loss: 1.2285, Accuracy: 66.39%
[Linear Probe] Epoch 10/20 - Loss: 1.2277, Accuracy: 66.91%
[Linear Probe] Epoch 11/20 - Loss: 1.2275, Accuracy: 66.95%
[Linear Probe] Epoch 12/20 - Loss: 1.2243, Accuracy: 67.37%
[Linear Probe] Epoch 13/20 - Loss: 1.2217, Accuracy: 67.47%
[Linear Probe] Epoch 14/20 - Loss: 1.2215, Accuracy: 67.51%
[Linear Probe] Epoch 15/20 - Loss: 1.2230, Accuracy: 67.60%
[Linear Probe] Epoch 16/20 - Loss: 1.2204, Accuracy: 67.80%
[Linear Probe] Epoch 17/20 - Loss: 1.2196, Accuracy: 67.88%
[Linear Probe] Epoch 18/20 - Loss: 1.2206, Accuracy: 67.89%
[Linear Probe] Epoch 19/20 - Loss: 1.2212, Accuracy: 67.68%
[Linear Probe] Epoch 20/20 - Loss: 1.2179, Accuracy: 68.01%
Test Accuracy: 67.78%
Linear probe accuracy: 68.01%, Test accuracy: 67.78%
[1;34mwandb[0m: 
[1;34mwandb[0m: 🚀 View run [33mlinear_probe_seed42_temperature0.05_bs256[0m at: [34mhttps://wandb.ai/analiju-paris/linear_probe_eurosat-simclr/runs/ofyvk2eq[0m
[1;34mwandb[0m: Find logs at: [1;35mwandb/run-20250619_161806-ofyvk2eq/logs[0m
