wandb: Currently logged in as: analiju (analiju-paris) to https://api.wandb.ai. Use `wandb login --relogin` to force relogin
Conda version: 25.5.1
Python version: 3.10.16
PyTorch version: 2.5.1
CUDA available: True
CUDA device count: 2
Torchvision version: 0.20.1
Successfully set to use GPU: 0 (NVIDIA RTX A6000)
Final DEVICE variable is set to: cuda:0
Current PyTorch default device: 0
Current PyTorch default device (after set_device): 0
Dummy tensor is on device: cuda:0

=== Starting run with seed 42 ===
Total samples in folder: 27000, classes: ['AnnualCrop', 'Forest', 'HerbaceousVegetation', 'Highway', 'Industrial', 'Pasture', 'PermanentCrop', 'Residential', 'River', 'SeaLake']
Stratified split sizes: train=21600, val=2700, test=2700
Computed mean: [0.3441457152366638, 0.3800986111164093, 0.40766361355781555]
Computed std:  [0.09299743920564651, 0.06464490294456482, 0.054139167070388794]
Mean and std saved to models/mean_std.txt
Train/Val/Test loaders: 84/11/11 batches

=== Starting run with seed 42 ===
Total samples in folder: 27000, classes: ['AnnualCrop', 'Forest', 'HerbaceousVegetation', 'Highway', 'Industrial', 'Pasture', 'PermanentCrop', 'Residential', 'River', 'SeaLake']
Stratified split sizes: train=21600, val=2700, test=2700
wandb: Tracking run with wandb version 0.20.1
wandb: Run data is saved locally in /users/c/carvalhj/projects/eurosat_preprocessing/exploratory_notebooks/wandb/run-20250716_203615-l9nuk8k3
wandb: Run `wandb offline` to turn off syncing.
wandb: Syncing run BS256_LR4e-04_SEED42_TEMPERATURE0.2_EPOCHS2
wandb: ⭐️ View project at https://wandb.ai/analiju-paris/eurosat-contrastive-scratch
wandb: 🚀 View run at https://wandb.ai/analiju-paris/eurosat-contrastive-scratch/runs/l9nuk8k3
Computed mean: [0.3441457152366638, 0.3800986111164093, 0.40766361355781555]
Computed std:  [0.09299743920564651, 0.06464490294456482, 0.054139167070388794]
Mean and std saved to models/mean_std.txt
Train/Val/Test loaders: 84/11/11 batches
Starting SimCLR training...
/users/c/carvalhj/miniconda3/envs/myenv/lib/python3.10/site-packages/torch/optim/lr_scheduler.py:240: UserWarning: The epoch parameter in `scheduler.step()` was not necessary and is being deprecated where possible. Please use `scheduler.step()` to step the scheduler. During the deprecation, if epoch is different from None, the closed form is used instead of the new chainable form, where available. Please open an issue if you are unable to replicate your use case: https://github.com/pytorch/pytorch/issues/new/choose.
  warnings.warn(EPOCH_DEPRECATION_WARNING, UserWarning)
/users/c/carvalhj/miniconda3/envs/myenv/lib/python3.10/site-packages/sklearn/linear_model/_logistic.py:1264: FutureWarning: 'multi_class' was deprecated in version 1.5 and will be removed in 1.7. From then on, it will always use 'multinomial'. Leave it to its default value to avoid this warning.
  warnings.warn(
/users/c/carvalhj/miniconda3/envs/myenv/lib/python3.10/site-packages/sklearn/linear_model/_logistic.py:470: ConvergenceWarning: lbfgs failed to converge after 200 iteration(s) (status=1):
STOP: TOTAL NO. OF ITERATIONS REACHED LIMIT

Increase the number of iterations to improve the convergence (max_iter=200).
You might also want to scale the data as shown in:
    https://scikit-learn.org/stable/modules/preprocessing.html
Please also refer to the documentation for alternative solver options:
    https://scikit-learn.org/stable/modules/linear_model.html#logistic-regression
  n_iter_i = _check_optimize_result(
[probe] val accuracy = 81.52%
/users/c/carvalhj/miniconda3/envs/myenv/lib/python3.10/site-packages/sklearn/linear_model/_logistic.py:1264: FutureWarning: 'multi_class' was deprecated in version 1.5 and will be removed in 1.7. From then on, it will always use 'multinomial'. Leave it to its default value to avoid this warning.
  warnings.warn(
/users/c/carvalhj/miniconda3/envs/myenv/lib/python3.10/site-packages/sklearn/linear_model/_logistic.py:470: ConvergenceWarning: lbfgs failed to converge after 200 iteration(s) (status=1):
STOP: TOTAL NO. OF ITERATIONS REACHED LIMIT

Increase the number of iterations to improve the convergence (max_iter=200).
You might also want to scale the data as shown in:
    https://scikit-learn.org/stable/modules/preprocessing.html
Please also refer to the documentation for alternative solver options:
    https://scikit-learn.org/stable/modules/linear_model.html#logistic-regression
  n_iter_i = _check_optimize_result(
[probe] val accuracy = 84.24%
Epoch 01/2 | Train Loss: 5.9984, Val Loss: 5.9065 | Logistic Probe Acc (Val): 0.815, Logistic Probe Acc (Train): 0.842 | Contrastive Acc (Train): 0.031, Contrastive Acc (Val): 0.033 | KNN Acc (Val): 0.784
/users/c/carvalhj/miniconda3/envs/myenv/lib/python3.10/site-packages/sklearn/linear_model/_logistic.py:1264: FutureWarning: 'multi_class' was deprecated in version 1.5 and will be removed in 1.7. From then on, it will always use 'multinomial'. Leave it to its default value to avoid this warning.
  warnings.warn(
/users/c/carvalhj/miniconda3/envs/myenv/lib/python3.10/site-packages/sklearn/linear_model/_logistic.py:470: ConvergenceWarning: lbfgs failed to converge after 200 iteration(s) (status=1):
STOP: TOTAL NO. OF ITERATIONS REACHED LIMIT

Increase the number of iterations to improve the convergence (max_iter=200).
You might also want to scale the data as shown in:
    https://scikit-learn.org/stable/modules/preprocessing.html
Please also refer to the documentation for alternative solver options:
    https://scikit-learn.org/stable/modules/linear_model.html#logistic-regression
  n_iter_i = _check_optimize_result(
[probe] val accuracy = 82.85%
/users/c/carvalhj/miniconda3/envs/myenv/lib/python3.10/site-packages/sklearn/linear_model/_logistic.py:1264: FutureWarning: 'multi_class' was deprecated in version 1.5 and will be removed in 1.7. From then on, it will always use 'multinomial'. Leave it to its default value to avoid this warning.
  warnings.warn(
/users/c/carvalhj/miniconda3/envs/myenv/lib/python3.10/site-packages/sklearn/linear_model/_logistic.py:470: ConvergenceWarning: lbfgs failed to converge after 200 iteration(s) (status=1):
STOP: TOTAL NO. OF ITERATIONS REACHED LIMIT

Increase the number of iterations to improve the convergence (max_iter=200).
You might also want to scale the data as shown in:
    https://scikit-learn.org/stable/modules/preprocessing.html
Please also refer to the documentation for alternative solver options:
    https://scikit-learn.org/stable/modules/linear_model.html#logistic-regression
  n_iter_i = _check_optimize_result(
[probe] val accuracy = 85.85%
Epoch 02/2 | Train Loss: 5.5299, Val Loss: 5.2171 | Logistic Probe Acc (Val): 0.829, Logistic Probe Acc (Train): 0.858 | Contrastive Acc (Train): 0.046, Contrastive Acc (Val): 0.046 | KNN Acc (Val): 0.775
Final contrastive accuracy on val split: 4.83%
Final contrastive accuracy on train split: 4.52%
wandb:                                                                                
wandb: 
wandb: Run history:
wandb:            contrastive_train_acc ▁█
wandb:              contrastive_val_acc ▁█
wandb:                            epoch ▁█
wandb:       final_contrastive_accuracy ▁
wandb: final_contrastive_accuracy_train ▁
wandb:                    final_knn_acc ▁
wandb:                      knn_val_acc █▁
wandb:               logistic_probe_acc ▁█
wandb:         logistic_probe_train_acc ▁█
wandb:                simclr_train_loss █▁
wandb:                  simclr_val_loss █▁
wandb: 
wandb: Run summary:
wandb:            contrastive_train_acc 0.04646
wandb:              contrastive_val_acc 0.04556
wandb:                            epoch 2
wandb:       final_contrastive_accuracy 0.04833
wandb: final_contrastive_accuracy_train 0.04525
wandb:                    final_knn_acc 0.77481
wandb:                      knn_val_acc 0.77481
wandb:               logistic_probe_acc 0.82852
wandb:         logistic_probe_train_acc 0.85847
wandb:                simclr_train_loss 5.52985
wandb:                  simclr_val_loss 5.21707
wandb: 
wandb: 🚀 View run BS256_LR4e-04_SEED42_TEMPERATURE0.2_EPOCHS2 at: https://wandb.ai/analiju-paris/eurosat-contrastive-scratch/runs/l9nuk8k3
wandb: ⭐️ View project at: https://wandb.ai/analiju-paris/eurosat-contrastive-scratch
wandb: Synced 5 W&B file(s), 0 media file(s), 0 artifact file(s) and 0 other file(s)
wandb: Find logs at: ./wandb/run-20250716_203615-l9nuk8k3/logs
wandb: Tracking run with wandb version 0.20.1
wandb: Run data is saved locally in /users/c/carvalhj/projects/eurosat_preprocessing/exploratory_notebooks/wandb/run-20250716_205315-k4iq459j
wandb: Run `wandb offline` to turn off syncing.
wandb: Syncing run logistic_probe_seed42_temperature0.2_bs256
wandb: ⭐️ View project at https://wandb.ai/analiju-paris/logistic_probe_eurosat-simclr
wandb: 🚀 View run at https://wandb.ai/analiju-paris/logistic_probe_eurosat-simclr/runs/k4iq459j
Final kNN (k=5) on val: 77.48%
Model saved to models/simclr_seed42_bs256_temp0.2_Tepochs2_lr0.000375.pth
All runs completed.
Using mean: [0.3441457152366638, 0.3800986111164093, 0.40766361355781555]
Using std: [0.09299743920564651, 0.06464490294456482, 0.054139167070388794]
Total samples in folder: 27000, classes: ['AnnualCrop', 'Forest', 'HerbaceousVegetation', 'Highway', 'Industrial', 'Pasture', 'PermanentCrop', 'Residential', 'River', 'SeaLake']
Stratified split sizes: train=21600, val=2700, test=2700
Train/Test loaders: 94/11 batches
Successfully set to use GPU: 0 (NVIDIA RTX A6000)
Final DEVICE variable is set to: cuda:0
Current PyTorch default device: 0
Current PyTorch default device (after set_device): 0
Dummy tensor is on device: cuda:0
[Data] train+val loader has 94 batches
Fitting logistic regression probe…
/users/c/carvalhj/miniconda3/envs/myenv/lib/python3.10/site-packages/sklearn/linear_model/_logistic.py:1264: FutureWarning: 'multi_class' was deprecated in version 1.5 and will be removed in 1.7. From then on, it will always use 'multinomial'. Leave it to its default value to avoid this warning.
  warnings.warn(
/users/c/carvalhj/miniconda3/envs/myenv/lib/python3.10/site-packages/sklearn/linear_model/_logistic.py:470: ConvergenceWarning: lbfgs failed to converge after 500 iteration(s) (status=1):
STOP: TOTAL NO. OF ITERATIONS REACHED LIMIT

Increase the number of iterations to improve the convergence (max_iter=500).
You might also want to scale the data as shown in:
    https://scikit-learn.org/stable/modules/preprocessing.html
Please also refer to the documentation for alternative solver options:
    https://scikit-learn.org/stable/modules/linear_model.html#logistic-regression
  n_iter_i = _check_optimize_result(
[Probe] Train+Val Acc: 65.74%,  Test Acc: 71.00%
Saved probe + encoder to models/logistic_probe_seed42_bs256.pkl
[1;34mwandb[0m: 
[1;34mwandb[0m: 🚀 View run [33mlogistic_probe_seed42_temperature0.2_bs256[0m at: [34mhttps://wandb.ai/analiju-paris/logistic_probe_eurosat-simclr/runs/k4iq459j[0m
[1;34mwandb[0m: Find logs at: [1;35mwandb/run-20250716_205315-k4iq459j/logs[0m
