wandb: Currently logged in as: analiju (analiju-paris) to https://api.wandb.ai. Use `wandb login --relogin` to force relogin
Conda version: 25.5.1
Python version: 3.10.16
PyTorch version: 2.5.1
CUDA available: True
CUDA device count: 2
Torchvision version: 0.20.1
Successfully set to use GPU: 1 (NVIDIA RTX A6000)
Final DEVICE variable is set to: cuda:1
Current PyTorch default device: 0
Current PyTorch default device (after set_device): 1
Dummy tensor is on device: cuda:1

=== Starting run with seed 42 ===
Total samples in folder: 27000, classes: ['AnnualCrop', 'Forest', 'HerbaceousVegetation', 'Highway', 'Industrial', 'Pasture', 'PermanentCrop', 'Residential', 'River', 'SeaLake']
Stratified split sizes: train=21600, val=2700, test=2700
wandb: Tracking run with wandb version 0.20.1
wandb: Run data is saved locally in /users/c/carvalhj/projects/eurosat_preprocessing/exploratory_notebooks/wandb/run-20250619_104808-fbqlh78y
wandb: Run `wandb offline` to turn off syncing.
wandb: Syncing run BS1024_LR4e-04_SEED42_TEMPERATURE0.2
wandb: ⭐️ View project at https://wandb.ai/analiju-paris/eurosat-contrastive-scratch-grid-search
wandb: 🚀 View run at https://wandb.ai/analiju-paris/eurosat-contrastive-scratch-grid-search/runs/fbqlh78y
Computed mean: [0.3441457450389862, 0.3800985515117645, 0.40766358375549316]
Computed std:  [0.09299740940332413, 0.06464491039514542, 0.05413917079567909]
Mean and std saved to models/mean_std.txt
Train/Val/Test loaders: 21/3/3 batches
Starting SimCLR training...
/users/c/carvalhj/miniconda3/envs/myenv/lib/python3.10/site-packages/torch/optim/lr_scheduler.py:240: UserWarning: The epoch parameter in `scheduler.step()` was not necessary and is being deprecated where possible. Please use `scheduler.step()` to step the scheduler. During the deprecation, if epoch is different from None, the closed form is used instead of the new chainable form, where available. Please open an issue if you are unable to replicate   use case: https://github.com/pytorch/pytorch/issues/new/choose.
  warnings.warn(EPOCH_DEPRECATION_WARNING, UserWarning)
Epoch 01/150 | Train Loss: 7.2428, Val Loss: 6.8378 | Probe Acc: 0.294
Epoch 02/150 | Train Loss: 6.4447, Val Loss: 6.0974 | Probe Acc: 0.294
Epoch 03/150 | Train Loss: 5.7880, Val Loss: 5.6140 | Probe Acc: 0.349
Epoch 04/150 | Train Loss: 5.4634, Val Loss: 5.2621 | Probe Acc: 0.334
Epoch 05/150 | Train Loss: 5.2483, Val Loss: 5.1098 | Probe Acc: 0.390
Epoch 06/150 | Train Loss: 5.1001, Val Loss: 4.9232 | Probe Acc: 0.416
Epoch 07/150 | Train Loss: 4.8940, Val Loss: 4.7680 | Probe Acc: 0.435
Epoch 08/150 | Train Loss: 4.7541, Val Loss: 4.6615 | Probe Acc: 0.482
Epoch 09/150 | Train Loss: 4.6524, Val Loss: 4.5250 | Probe Acc: 0.447
Epoch 10/150 | Train Loss: 4.5555, Val Loss: 4.4317 | Probe Acc: 0.488
Epoch 11/150 | Train Loss: 4.4675, Val Loss: 4.3913 | Probe Acc: 0.517
Epoch 12/150 | Train Loss: 4.4088, Val Loss: 4.3913 | Probe Acc: 0.454
Epoch 13/150 | Train Loss: 4.3730, Val Loss: 4.2562 | Probe Acc: 0.497
Epoch 14/150 | Train Loss: 4.2836, Val Loss: 4.2255 | Probe Acc: 0.491
Epoch 15/150 | Train Loss: 4.2707, Val Loss: 4.1658 | Probe Acc: 0.507
Epoch 16/150 | Train Loss: 4.2291, Val Loss: 4.1660 | Probe Acc: 0.503
Epoch 17/150 | Train Loss: 4.1668, Val Loss: 4.1787 | Probe Acc: 0.469
Epoch 18/150 | Train Loss: 4.1359, Val Loss: 4.0502 | Probe Acc: 0.504
Epoch 19/150 | Train Loss: 4.1247, Val Loss: 4.1431 | Probe Acc: 0.506
Epoch 20/150 | Train Loss: 4.0848, Val Loss: 3.9920 | Probe Acc: 0.496
Epoch 21/150 | Train Loss: 4.0586, Val Loss: 4.0422 | Probe Acc: 0.527
Epoch 22/150 | Train Loss: 4.0235, Val Loss: 4.0451 | Probe Acc: 0.513
Epoch 23/150 | Train Loss: 3.9963, Val Loss: 3.9896 | Probe Acc: 0.489
Epoch 24/150 | Train Loss: 3.9702, Val Loss: 3.9245 | Probe Acc: 0.466
Epoch 25/150 | Train Loss: 3.9467, Val Loss: 3.9074 | Probe Acc: 0.544
Epoch 26/150 | Train Loss: 3.9341, Val Loss: 3.9086 | Probe Acc: 0.510
Epoch 27/150 | Train Loss: 3.9230, Val Loss: 3.9139 | Probe Acc: 0.510
Epoch 28/150 | Train Loss: 3.8913, Val Loss: 3.8890 | Probe Acc: 0.514
Epoch 29/150 | Train Loss: 3.8837, Val Loss: 3.8414 | Probe Acc: 0.502
Epoch 30/150 | Train Loss: 3.8541, Val Loss: 3.8838 | Probe Acc: 0.498
Epoch 31/150 | Train Loss: 3.8497, Val Loss: 3.8924 | Probe Acc: 0.529
Epoch 32/150 | Train Loss: 3.8281, Val Loss: 3.7900 | Probe Acc: 0.556
Epoch 33/150 | Train Loss: 3.8216, Val Loss: 3.8263 | Probe Acc: 0.534
Epoch 34/150 | Train Loss: 3.8194, Val Loss: 3.8489 | Probe Acc: 0.525
Epoch 35/150 | Train Loss: 3.8084, Val Loss: 3.9433 | Probe Acc: 0.506
Epoch 36/150 | Train Loss: 3.8050, Val Loss: 3.7969 | Probe Acc: 0.527
Epoch 37/150 | Train Loss: 3.7705, Val Loss: 3.8036 | Probe Acc: 0.575
Epoch 38/150 | Train Loss: 3.7620, Val Loss: 3.7882 | Probe Acc: 0.525
Epoch 39/150 | Train Loss: 3.7396, Val Loss: 3.7465 | Probe Acc: 0.551
Epoch 40/150 | Train Loss: 3.7565, Val Loss: 3.7418 | Probe Acc: 0.561
Epoch 41/150 | Train Loss: 3.7328, Val Loss: 3.7601 | Probe Acc: 0.513
Epoch 42/150 | Train Loss: 3.7186, Val Loss: 3.7556 | Probe Acc: 0.503
Epoch 43/150 | Train Loss: 3.7099, Val Loss: 3.7019 | Probe Acc: 0.497
Epoch 44/150 | Train Loss: 3.7183, Val Loss: 3.6946 | Probe Acc: 0.521
Epoch 45/150 | Train Loss: 3.6902, Val Loss: 3.6814 | Probe Acc: 0.542
Epoch 46/150 | Train Loss: 3.6871, Val Loss: 3.6766 | Probe Acc: 0.509
Epoch 47/150 | Train Loss: 3.6993, Val Loss: 3.6860 | Probe Acc: 0.541
Epoch 48/150 | Train Loss: 3.6660, Val Loss: 3.6766 | Probe Acc: 0.535
Epoch 49/150 | Train Loss: 3.6644, Val Loss: 3.7053 | Probe Acc: 0.547
Epoch 50/150 | Train Loss: 3.6485, Val Loss: 3.6641 | Probe Acc: 0.526
Epoch 51/150 | Train Loss: 3.6485, Val Loss: 3.6852 | Probe Acc: 0.523
Epoch 52/150 | Train Loss: 3.6280, Val Loss: 3.6709 | Probe Acc: 0.575
Epoch 53/150 | Train Loss: 3.6375, Val Loss: 3.6673 | Probe Acc: 0.519
Epoch 54/150 | Train Loss: 3.6202, Val Loss: 3.6380 | Probe Acc: 0.567
Epoch 55/150 | Train Loss: 3.6293, Val Loss: 3.6438 | Probe Acc: 0.504
Epoch 56/150 | Train Loss: 3.6076, Val Loss: 3.6028 | Probe Acc: 0.529
Epoch 57/150 | Train Loss: 3.5931, Val Loss: 3.6093 | Probe Acc: 0.535
Epoch 58/150 | Train Loss: 3.5937, Val Loss: 3.6020 | Probe Acc: 0.567
Epoch 59/150 | Train Loss: 3.5986, Val Loss: 3.6302 | Probe Acc: 0.566
Epoch 60/150 | Train Loss: 3.5881, Val Loss: 3.6142 | Probe Acc: 0.565
Epoch 61/150 | Train Loss: 3.5797, Val Loss: 3.5844 | Probe Acc: 0.534
Epoch 62/150 | Train Loss: 3.5702, Val Loss: 3.5822 | Probe Acc: 0.529
Epoch 63/150 | Train Loss: 3.5692, Val Loss: 3.5876 | Probe Acc: 0.565
Epoch 64/150 | Train Loss: 3.5572, Val Loss: 3.5901 | Probe Acc: 0.523
Epoch 65/150 | Train Loss: 3.5601, Val Loss: 3.5724 | Probe Acc: 0.573
Epoch 66/150 | Train Loss: 3.5470, Val Loss: 3.5735 | Probe Acc: 0.524
Epoch 67/150 | Train Loss: 3.5423, Val Loss: 3.5646 | Probe Acc: 0.554
Epoch 68/150 | Train Loss: 3.5328, Val Loss: 3.5710 | Probe Acc: 0.557
Epoch 69/150 | Train Loss: 3.5377, Val Loss: 3.5845 | Probe Acc: 0.553
Epoch 70/150 | Train Loss: 3.5218, Val Loss: 3.5675 | Probe Acc: 0.528
Epoch 71/150 | Train Loss: 3.5214, Val Loss: 3.5695 | Probe Acc: 0.562
Epoch 72/150 | Train Loss: 3.5186, Val Loss: 3.5749 | Probe Acc: 0.545
Epoch 73/150 | Train Loss: 3.5078, Val Loss: 3.5452 | Probe Acc: 0.547
Epoch 74/150 | Train Loss: 3.4998, Val Loss: 3.5513 | Probe Acc: 0.547
Epoch 75/150 | Train Loss: 3.4926, Val Loss: 3.5513 | Probe Acc: 0.535
Epoch 76/150 | Train Loss: 3.4984, Val Loss: 3.5643 | Probe Acc: 0.551
Epoch 77/150 | Train Loss: 3.4903, Val Loss: 3.5359 | Probe Acc: 0.504
Epoch 78/150 | Train Loss: 3.4767, Val Loss: 3.5402 | Probe Acc: 0.547
Epoch 79/150 | Train Loss: 3.4766, Val Loss: 3.5304 | Probe Acc: 0.534
Epoch 80/150 | Train Loss: 3.4630, Val Loss: 3.5263 | Probe Acc: 0.570
Epoch 81/150 | Train Loss: 3.4622, Val Loss: 3.5452 | Probe Acc: 0.529
Epoch 82/150 | Train Loss: 3.4631, Val Loss: 3.5290 | Probe Acc: 0.520
Epoch 83/150 | Train Loss: 3.4554, Val Loss: 3.4987 | Probe Acc: 0.545
Epoch 84/150 | Train Loss: 3.4517, Val Loss: 3.5241 | Probe Acc: 0.538
Epoch 85/150 | Train Loss: 3.4499, Val Loss: 3.5097 | Probe Acc: 0.546
Epoch 86/150 | Train Loss: 3.4476, Val Loss: 3.5149 | Probe Acc: 0.567
Epoch 87/150 | Train Loss: 3.4422, Val Loss: 3.5480 | Probe Acc: 0.549
Epoch 88/150 | Train Loss: 3.4362, Val Loss: 3.5278 | Probe Acc: 0.528
Epoch 89/150 | Train Loss: 3.4360, Val Loss: 3.4798 | Probe Acc: 0.550
