wandb: Currently logged in as: analiju (analiju-paris) to https://api.wandb.ai. Use `wandb login --relogin` to force relogin
Conda version: 25.5.1
Python version: 3.10.16
PyTorch version: 2.5.1
CUDA available: True
CUDA device count: 2
Torchvision version: 0.20.1
Successfully set to use GPU: 0 (NVIDIA RTX A6000)
Final DEVICE variable is set to: cuda:0
Current PyTorch default device: 0
Current PyTorch default device (after set_device): 0
Dummy tensor is on device: cuda:0

=== Starting run with seed 42 ===
Total samples in folder: 27000, classes: ['AnnualCrop', 'Forest', 'HerbaceousVegetation', 'Highway', 'Industrial', 'Pasture', 'PermanentCrop', 'Residential', 'River', 'SeaLake']
Stratified split sizes: train=21600, val=2700, test=2700
wandb: Tracking run with wandb version 0.20.1
wandb: Run data is saved locally in /users/c/carvalhj/projects/eurosat_preprocessing/exploratory_notebooks/wandb/run-20250619_012307-8owh4pg8
wandb: Run `wandb offline` to turn off syncing.
wandb: Syncing run BS256_LR4e-04_SEED42_TEMPERATURE0.2
wandb: ⭐️ View project at https://wandb.ai/analiju-paris/eurosat-contrastive-scratch-grid-search
wandb: 🚀 View run at https://wandb.ai/analiju-paris/eurosat-contrastive-scratch-grid-search/runs/8owh4pg8
Computed mean: [0.3441457152366638, 0.3800986111164093, 0.40766361355781555]
Computed std:  [0.09299743920564651, 0.06464490294456482, 0.054139167070388794]
Mean and std saved to models/mean_std.txt
Train/Val/Test loaders: 84/11/11 batches
Starting SimCLR training...
/users/c/carvalhj/miniconda3/envs/myenv/lib/python3.10/site-packages/torch/optim/lr_scheduler.py:240: UserWarning: The epoch parameter in `scheduler.step()` was not necessary and is being deprecated where possible. Please use `scheduler.step()` to step the scheduler. During the deprecation, if epoch is different from None, the closed form is used instead of the new chainable form, where available. Please open an issue if you are unable to replicate   use case: https://github.com/pytorch/pytorch/issues/new/choose.
  warnings.warn(EPOCH_DEPRECATION_WARNING, UserWarning)
Epoch 01/100 | Train Loss: 5.6064, Val Loss: 4.9527 | Probe Acc: 0.398
Epoch 02/100 | Train Loss: 4.4386, Val Loss: 4.0901 | Probe Acc: 0.540
Epoch 03/100 | Train Loss: 3.9345, Val Loss: 3.7539 | Probe Acc: 0.521
Epoch 04/100 | Train Loss: 3.5360, Val Loss: 3.4047 | Probe Acc: 0.557
Epoch 05/100 | Train Loss: 3.3043, Val Loss: 3.3271 | Probe Acc: 0.574
Epoch 06/100 | Train Loss: 3.1550, Val Loss: 3.0930 | Probe Acc: 0.560
Epoch 07/100 | Train Loss: 3.0530, Val Loss: 3.0647 | Probe Acc: 0.581
Epoch 08/100 | Train Loss: 2.9371, Val Loss: 2.9863 | Probe Acc: 0.580
Epoch 09/100 | Train Loss: 2.8766, Val Loss: 2.9237 | Probe Acc: 0.599
Epoch 10/100 | Train Loss: 2.8263, Val Loss: 2.8714 | Probe Acc: 0.585
Epoch 11/100 | Train Loss: 2.7612, Val Loss: 2.7539 | Probe Acc: 0.600
Epoch 12/100 | Train Loss: 2.7051, Val Loss: 2.8092 | Probe Acc: 0.599
Epoch 13/100 | Train Loss: 2.6622, Val Loss: 2.7115 | Probe Acc: 0.624
Epoch 14/100 | Train Loss: 2.6195, Val Loss: 2.6757 | Probe Acc: 0.613
Epoch 15/100 | Train Loss: 2.5936, Val Loss: 2.6553 | Probe Acc: 0.613
Epoch 16/100 | Train Loss: 2.5683, Val Loss: 2.6625 | Probe Acc: 0.628
Epoch 17/100 | Train Loss: 2.5387, Val Loss: 2.5449 | Probe Acc: 0.633
Epoch 18/100 | Train Loss: 2.5137, Val Loss: 2.6069 | Probe Acc: 0.620
Epoch 19/100 | Train Loss: 2.5044, Val Loss: 2.5650 | Probe Acc: 0.626
Epoch 20/100 | Train Loss: 2.4865, Val Loss: 2.5500 | Probe Acc: 0.640
Epoch 21/100 | Train Loss: 2.4734, Val Loss: 2.4967 | Probe Acc: 0.633
Epoch 22/100 | Train Loss: 2.4417, Val Loss: 2.5065 | Probe Acc: 0.645
Epoch 23/100 | Train Loss: 2.4339, Val Loss: 2.4795 | Probe Acc: 0.643
Epoch 24/100 | Train Loss: 2.4194, Val Loss: 2.5106 | Probe Acc: 0.641
Epoch 25/100 | Train Loss: 2.4013, Val Loss: 2.5040 | Probe Acc: 0.646
Epoch 26/100 | Train Loss: 2.3856, Val Loss: 2.4508 | Probe Acc: 0.665
Epoch 27/100 | Train Loss: 2.3760, Val Loss: 2.4355 | Probe Acc: 0.638
Epoch 28/100 | Train Loss: 2.3621, Val Loss: 2.4133 | Probe Acc: 0.650
Epoch 29/100 | Train Loss: 2.3483, Val Loss: 2.4088 | Probe Acc: 0.658
Epoch 30/100 | Train Loss: 2.3425, Val Loss: 2.4051 | Probe Acc: 0.657
Epoch 31/100 | Train Loss: 2.3292, Val Loss: 2.3962 | Probe Acc: 0.654
Epoch 32/100 | Train Loss: 2.3101, Val Loss: 2.3832 | Probe Acc: 0.666
Epoch 33/100 | Train Loss: 2.3172, Val Loss: 2.3905 | Probe Acc: 0.669
Epoch 34/100 | Train Loss: 2.3091, Val Loss: 2.3901 | Probe Acc: 0.658
Epoch 35/100 | Train Loss: 2.2956, Val Loss: 2.3613 | Probe Acc: 0.661
Epoch 36/100 | Train Loss: 2.2824, Val Loss: 2.3691 | Probe Acc: 0.663
Epoch 37/100 | Train Loss: 2.2832, Val Loss: 2.3420 | Probe Acc: 0.677
Epoch 38/100 | Train Loss: 2.2739, Val Loss: 2.3390 | Probe Acc: 0.657
Epoch 39/100 | Train Loss: 2.2579, Val Loss: 2.3094 | Probe Acc: 0.663
Epoch 40/100 | Train Loss: 2.2512, Val Loss: 2.3377 | Probe Acc: 0.677
Epoch 41/100 | Train Loss: 2.2382, Val Loss: 2.3014 | Probe Acc: 0.671
Epoch 42/100 | Train Loss: 2.2265, Val Loss: 2.3728 | Probe Acc: 0.656
Epoch 43/100 | Train Loss: 2.2339, Val Loss: 2.3006 | Probe Acc: 0.676
Epoch 44/100 | Train Loss: 2.2287, Val Loss: 2.3373 | Probe Acc: 0.679
Epoch 45/100 | Train Loss: 2.2100, Val Loss: 2.2864 | Probe Acc: 0.681
Epoch 46/100 | Train Loss: 2.2066, Val Loss: 2.2635 | Probe Acc: 0.663
Epoch 47/100 | Train Loss: 2.2036, Val Loss: 2.3080 | Probe Acc: 0.673
Epoch 48/100 | Train Loss: 2.1917, Val Loss: 2.2955 | Probe Acc: 0.656
Epoch 49/100 | Train Loss: 2.1845, Val Loss: 2.2824 | Probe Acc: 0.676
Epoch 50/100 | Train Loss: 2.1805, Val Loss: 2.2872 | Probe Acc: 0.671
Epoch 51/100 | Train Loss: 2.1805, Val Loss: 2.2932 | Probe Acc: 0.679
Epoch 52/100 | Train Loss: 2.1608, Val Loss: 2.2534 | Probe Acc: 0.684
Epoch 53/100 | Train Loss: 2.1662, Val Loss: 2.2451 | Probe Acc: 0.660
Epoch 54/100 | Train Loss: 2.1512, Val Loss: 2.2469 | Probe Acc: 0.672
Epoch 55/100 | Train Loss: 2.1569, Val Loss: 2.2569 | Probe Acc: 0.679
Epoch 56/100 | Train Loss: 2.1386, Val Loss: 2.2514 | Probe Acc: 0.670
Epoch 57/100 | Train Loss: 2.1320, Val Loss: 2.2458 | Probe Acc: 0.684
Epoch 58/100 | Train Loss: 2.1306, Val Loss: 2.2487 | Probe Acc: 0.684
Epoch 59/100 | Train Loss: 2.1297, Val Loss: 2.2290 | Probe Acc: 0.677
Epoch 60/100 | Train Loss: 2.1193, Val Loss: 2.1957 | Probe Acc: 0.686
Epoch 61/100 | Train Loss: 2.1193, Val Loss: 2.2044 | Probe Acc: 0.690
Epoch 62/100 | Train Loss: 2.1142, Val Loss: 2.2000 | Probe Acc: 0.689
Epoch 63/100 | Train Loss: 2.1040, Val Loss: 2.1895 | Probe Acc: 0.680
Epoch 64/100 | Train Loss: 2.0988, Val Loss: 2.1973 | Probe Acc: 0.644
Epoch 65/100 | Train Loss: 2.0913, Val Loss: 2.1986 | Probe Acc: 0.695
Epoch 66/100 | Train Loss: 2.0897, Val Loss: 2.1795 | Probe Acc: 0.653
Epoch 67/100 | Train Loss: 2.0896, Val Loss: 2.1890 | Probe Acc: 0.694
Epoch 68/100 | Train Loss: 2.0797, Val Loss: 2.1609 | Probe Acc: 0.669
Epoch 69/100 | Train Loss: 2.0731, Val Loss: 2.1865 | Probe Acc: 0.688
Epoch 70/100 | Train Loss: 2.0693, Val Loss: 2.1709 | Probe Acc: 0.679
Epoch 71/100 | Train Loss: 2.0662, Val Loss: 2.1648 | Probe Acc: 0.676
Epoch 72/100 | Train Loss: 2.0625, Val Loss: 2.1631 | Probe Acc: 0.684
Epoch 73/100 | Train Loss: 2.0497, Val Loss: 2.1412 | Probe Acc: 0.664
Epoch 74/100 | Train Loss: 2.0468, Val Loss: 2.1474 | Probe Acc: 0.700
Epoch 75/100 | Train Loss: 2.0389, Val Loss: 2.1970 | Probe Acc: 0.666
Epoch 76/100 | Train Loss: 2.0408, Val Loss: 2.1502 | Probe Acc: 0.670
Epoch 77/100 | Train Loss: 2.0389, Val Loss: 2.1649 | Probe Acc: 0.688
Epoch 78/100 | Train Loss: 2.0283, Val Loss: 2.1409 | Probe Acc: 0.681
Epoch 79/100 | Train Loss: 2.0299, Val Loss: 2.1478 | Probe Acc: 0.684
Epoch 80/100 | Train Loss: 2.0276, Val Loss: 2.1359 | Probe Acc: 0.669
Epoch 81/100 | Train Loss: 2.0246, Val Loss: 2.1471 | Probe Acc: 0.675
Epoch 82/100 | Train Loss: 2.0168, Val Loss: 2.1441 | Probe Acc: 0.691
Epoch 83/100 | Train Loss: 2.0130, Val Loss: 2.1363 | Probe Acc: 0.667
Epoch 84/100 | Train Loss: 2.0112, Val Loss: 2.1389 | Probe Acc: 0.684
Epoch 85/100 | Train Loss: 2.0137, Val Loss: 2.1135 | Probe Acc: 0.693
Epoch 86/100 | Train Loss: 2.0033, Val Loss: 2.1044 | Probe Acc: 0.683
Epoch 87/100 | Train Loss: 2.0057, Val Loss: 2.1307 | Probe Acc: 0.660
Epoch 88/100 | Train Loss: 1.9993, Val Loss: 2.1240 | Probe Acc: 0.668
Epoch 89/100 | Train Loss: 2.0075, Val Loss: 2.1219 | Probe Acc: 0.681
Epoch 90/100 | Train Loss: 1.9996, Val Loss: 2.1302 | Probe Acc: 0.654
Epoch 91/100 | Train Loss: 1.9976, Val Loss: 2.1081 | Probe Acc: 0.685
Epoch 92/100 | Train Loss: 1.9971, Val Loss: 2.1205 | Probe Acc: 0.696
Epoch 93/100 | Train Loss: 1.9989, Val Loss: 2.1115 | Probe Acc: 0.692
Epoch 94/100 | Train Loss: 1.9996, Val Loss: 2.1087 | Probe Acc: 0.703
Epoch 95/100 | Train Loss: 1.9944, Val Loss: 2.0952 | Probe Acc: 0.654
Epoch 96/100 | Train Loss: 1.9913, Val Loss: 2.1119 | Probe Acc: 0.665
Epoch 97/100 | Train Loss: 1.9980, Val Loss: 2.1174 | Probe Acc: 0.689
Epoch 98/100 | Train Loss: 1.9911, Val Loss: 2.1134 | Probe Acc: 0.704
Epoch 99/100 | Train Loss: 1.9935, Val Loss: 2.1164 | Probe Acc: 0.670
wandb:                                                                                
wandb: 
wandb: Run history:
wandb:             epoch ▁▁▁▁▂▂▂▂▂▂▃▃▃▃▃▃▃▃▃▄▄▄▄▄▄▅▅▅▅▅▅▅▆▆▆▇▇███
wandb:  linear_probe_acc ▁▄▅▅▆▆▆▆▆▆▆▇▇▇▇▇▇▇▇▇█▇▇▇███████▇█▇█▇▇█▇▇
wandb: simclr_train_loss █▅▅▄▄▄▄▄▄▃▃▃▃▃▃▂▂▂▂▂▂▂▂▂▂▁▁▁▁▁▁▁▁▁▁▁▁▁▁▁
wandb:   simclr_val_loss █▆▄▃▃▃▂▂▂▂▂▂▂▂▂▂▂▂▂▁▂▁▁▁▁▁▁▁▁▁▁▁▁▁▁▁▁▁▁▁
wandb: 
wandb: Run summary:
wandb:             epoch 100
wandb:  linear_probe_acc 0.69259
wandb: simclr_train_loss 1.9928
wandb:   simclr_val_loss 2.11556
wandb: 
wandb: 🚀 View run BS256_LR4e-04_SEED42_TEMPERATURE0.2 at: https://wandb.ai/analiju-paris/eurosat-contrastive-scratch-grid-search/runs/8owh4pg8
wandb: ⭐️ View project at: https://wandb.ai/analiju-paris/eurosat-contrastive-scratch-grid-search
wandb: Synced 5 W&B file(s), 0 media file(s), 0 artifact file(s) and 0 other file(s)
wandb: Find logs at: ./wandb/run-20250619_012307-8owh4pg8/logs
wandb: Tracking run with wandb version 0.20.1
wandb: Run data is saved locally in /users/c/carvalhj/projects/eurosat_preprocessing/exploratory_notebooks/wandb/run-20250619_043211-qfpqsdh6
wandb: Run `wandb offline` to turn off syncing.
wandb: Syncing run linear_probe_seed42_temperature0.2_bs256
wandb: ⭐️ View project at https://wandb.ai/analiju-paris/linear_probe_eurosat-simclr
wandb: 🚀 View run at https://wandb.ai/analiju-paris/linear_probe_eurosat-simclr/runs/qfpqsdh6
Epoch 100/100 | Train Loss: 1.9928, Val Loss: 2.1156 | Probe Acc: 0.693
Model saved to models/simclr_model_seed42_temperature0.2_bs256.pth
All runs completed.
Using mean: [0.3441457152366638, 0.3800986111164093, 0.40766361355781555]
Using std: [0.09299743920564651, 0.06464490294456482, 0.054139167070388794]
Total samples in folder: 27000, classes: ['AnnualCrop', 'Forest', 'HerbaceousVegetation', 'Highway', 'Industrial', 'Pasture', 'PermanentCrop', 'Residential', 'River', 'SeaLake']
Stratified split sizes: train=21600, val=2700, test=2700
Train/Test loaders: 94/11 batches
Train + Val loader: 94 batches
Starting linear probe training...
/users/c/carvalhj/miniconda3/envs/myenv/lib/python3.10/site-packages/torch/optim/lr_scheduler.py:240: UserWarning: The epoch parameter in `scheduler.step()` was not necessary and is being deprecated where possible. Please use `scheduler.step()` to step the scheduler. During the deprecation, if epoch is different from None, the closed form is used instead of the new chainable form, where available. Please open an issue if you are unable to replicate   use case: https://github.com/pytorch/pytorch/issues/new/choose.
  warnings.warn(EPOCH_DEPRECATION_WARNING, UserWarning)
[Linear Probe] Epoch 1/20 - Loss: 1.8747, Accuracy: 50.59%
[Linear Probe] Epoch 2/20 - Loss: 1.1038, Accuracy: 76.08%
[Linear Probe] Epoch 3/20 - Loss: 1.0100, Accuracy: 77.31%
[Linear Probe] Epoch 4/20 - Loss: 0.9895, Accuracy: 77.56%
[Linear Probe] Epoch 5/20 - Loss: 0.9846, Accuracy: 77.53%
[Linear Probe] Epoch 6/20 - Loss: 0.9811, Accuracy: 77.64%
[Linear Probe] Epoch 7/20 - Loss: 0.9814, Accuracy: 77.61%
[Linear Probe] Epoch 8/20 - Loss: 0.9793, Accuracy: 77.54%
[Linear Probe] Epoch 9/20 - Loss: 0.9781, Accuracy: 77.61%
[Linear Probe] Epoch 10/20 - Loss: 0.9771, Accuracy: 77.85%
[Linear Probe] Epoch 11/20 - Loss: 0.9772, Accuracy: 77.91%
[Linear Probe] Epoch 12/20 - Loss: 0.9752, Accuracy: 77.78%
[Linear Probe] Epoch 13/20 - Loss: 0.9744, Accuracy: 78.05%
[Linear Probe] Epoch 14/20 - Loss: 0.9733, Accuracy: 78.14%
[Linear Probe] Epoch 15/20 - Loss: 0.9749, Accuracy: 78.10%
[Linear Probe] Epoch 16/20 - Loss: 0.9733, Accuracy: 78.23%
[Linear Probe] Epoch 17/20 - Loss: 0.9714, Accuracy: 78.39%
[Linear Probe] Epoch 18/20 - Loss: 0.9709, Accuracy: 78.47%
[Linear Probe] Epoch 19/20 - Loss: 0.9741, Accuracy: 78.06%
[Linear Probe] Epoch 20/20 - Loss: 0.9706, Accuracy: 78.43%
Test Accuracy: 77.07%
Linear probe accuracy: 78.43%, Test accuracy: 77.07%
[1;34mwandb[0m: 
[1;34mwandb[0m: 🚀 View run [33mlinear_probe_seed42_temperature0.2_bs256[0m at: [34mhttps://wandb.ai/analiju-paris/linear_probe_eurosat-simclr/runs/qfpqsdh6[0m
[1;34mwandb[0m: Find logs at: [1;35mwandb/run-20250619_043211-qfpqsdh6/logs[0m
