wandb: Currently logged in as: analiju (analiju-paris) to https://api.wandb.ai. Use `wandb login --relogin` to force relogin
Conda version: 25.5.1
Python version: 3.10.16
PyTorch version: 2.5.1
CUDA available: True
CUDA device count: 3
Torchvision version: 0.20.1
Successfully set to use GPU: 0 (Quadro RTX 5000)
Final DEVICE variable is set to: cuda:0
Current PyTorch default device: 0
Current PyTorch default device (after set_device): 0
Dummy tensor is on device: cuda:0

=== Starting run with seed 42 ===
Total samples in folder: 27000, classes: ['AnnualCrop', 'Forest', 'HerbaceousVegetation', 'Highway', 'Industrial', 'Pasture', 'PermanentCrop', 'Residential', 'River', 'SeaLake']
Stratified split sizes: train=21600, val=2700, test=2700
wandb: Tracking run with wandb version 0.19.11
wandb: Run data is saved locally in /users/c/carvalhj/projects/eurosat_preprocessing/exploratory_notebooks/wandb/run-20250618_195247-qjgoo28u
wandb: Run `wandb offline` to turn off syncing.
wandb: Syncing run BS32_LR4e-04_SEED42_TEMPERATURE0.2
wandb: ⭐️ View project at https://wandb.ai/analiju-paris/eurosat-contrastive-scratch-grid-search
wandb: 🚀 View run at https://wandb.ai/analiju-paris/eurosat-contrastive-scratch-grid-search/runs/qjgoo28u
Computed mean: [0.3441457152366638, 0.38009852170944214, 0.40766340494155884]
Computed std:  [0.09299741685390472, 0.06464488059282303, 0.054139144718647]
Mean and std saved to models/mean_std.txt
Train/Val/Test loaders: 675/85/85 batches
Starting SimCLR training...
/users/c/carvalhj/miniconda3/envs/myenv/lib/python3.10/site-packages/torch/optim/lr_scheduler.py:240: UserWarning: The epoch parameter in `scheduler.step()` was not necessary and is being deprecated where possible. Please use `scheduler.step()` to step the scheduler. During the deprecation, if epoch is different from None, the closed form is used instead of the new chainable form, where available. Please open an issue if you are unable to replicate your use case: https://github.com/pytorch/pytorch/issues/new/choose.
  warnings.warn(EPOCH_DEPRECATION_WARNING, UserWarning)
Epoch 01/50 | Train Loss: 3.2018, Val Loss: 2.5683 | Probe Acc: 0.453
Epoch 02/50 | Train Loss: 2.0266, Val Loss: 1.8255 | Probe Acc: 0.442
Epoch 03/50 | Train Loss: 1.5720, Val Loss: 1.6169 | Probe Acc: 0.506
Epoch 04/50 | Train Loss: 1.3946, Val Loss: 1.4083 | Probe Acc: 0.523
Epoch 05/50 | Train Loss: 1.2823, Val Loss: 1.3518 | Probe Acc: 0.546
Epoch 06/50 | Train Loss: 1.2144, Val Loss: 1.2962 | Probe Acc: 0.546
Epoch 07/50 | Train Loss: 1.1565, Val Loss: 1.2635 | Probe Acc: 0.552
Epoch 08/50 | Train Loss: 1.1062, Val Loss: 1.2431 | Probe Acc: 0.566
Epoch 09/50 | Train Loss: 1.0849, Val Loss: 1.2159 | Probe Acc: 0.577
Epoch 10/50 | Train Loss: 1.0459, Val Loss: 1.1599 | Probe Acc: 0.584
Epoch 11/50 | Train Loss: 1.0253, Val Loss: 1.1492 | Probe Acc: 0.563
Epoch 12/50 | Train Loss: 0.9935, Val Loss: 1.1789 | Probe Acc: 0.574
Epoch 13/50 | Train Loss: 0.9757, Val Loss: 1.1487 | Probe Acc: 0.580
Epoch 14/50 | Train Loss: 0.9509, Val Loss: 1.1309 | Probe Acc: 0.568
Epoch 15/50 | Train Loss: 0.9441, Val Loss: 1.0980 | Probe Acc: 0.557
Epoch 16/50 | Train Loss: 0.9194, Val Loss: 1.0899 | Probe Acc: 0.579
Epoch 17/50 | Train Loss: 0.9040, Val Loss: 1.0461 | Probe Acc: 0.550
Epoch 18/50 | Train Loss: 0.8953, Val Loss: 1.1004 | Probe Acc: 0.578
Epoch 19/50 | Train Loss: 0.8782, Val Loss: 1.0305 | Probe Acc: 0.549
Epoch 20/50 | Train Loss: 0.8576, Val Loss: 1.0459 | Probe Acc: 0.558
Epoch 21/50 | Train Loss: 0.8490, Val Loss: 1.0134 | Probe Acc: 0.556
Epoch 22/50 | Train Loss: 0.8386, Val Loss: 0.9905 | Probe Acc: 0.569
Epoch 23/50 | Train Loss: 0.8157, Val Loss: 1.0036 | Probe Acc: 0.529
Epoch 24/50 | Train Loss: 0.8093, Val Loss: 0.9982 | Probe Acc: 0.546
Epoch 25/50 | Train Loss: 0.7930, Val Loss: 0.9813 | Probe Acc: 0.553
Epoch 26/50 | Train Loss: 0.7879, Val Loss: 0.9466 | Probe Acc: 0.555
Epoch 27/50 | Train Loss: 0.7712, Val Loss: 0.9551 | Probe Acc: 0.532
Epoch 28/50 | Train Loss: 0.7613, Val Loss: 0.9702 | Probe Acc: 0.522
Epoch 29/50 | Train Loss: 0.7457, Val Loss: 0.9131 | Probe Acc: 0.546
Epoch 30/50 | Train Loss: 0.7379, Val Loss: 0.9211 | Probe Acc: 0.546
Epoch 31/50 | Train Loss: 0.7278, Val Loss: 0.9155 | Probe Acc: 0.514
Epoch 32/50 | Train Loss: 0.7144, Val Loss: 0.9083 | Probe Acc: 0.539
Epoch 33/50 | Train Loss: 0.7008, Val Loss: 0.8957 | Probe Acc: 0.519
Epoch 34/50 | Train Loss: 0.6874, Val Loss: 0.8836 | Probe Acc: 0.473
Epoch 35/50 | Train Loss: 0.6776, Val Loss: 0.8827 | Probe Acc: 0.432
Epoch 36/50 | Train Loss: 0.6690, Val Loss: 0.8552 | Probe Acc: 0.512
Epoch 37/50 | Train Loss: 0.6634, Val Loss: 0.8291 | Probe Acc: 0.481
Epoch 38/50 | Train Loss: 0.6494, Val Loss: 0.8412 | Probe Acc: 0.402
Epoch 39/50 | Train Loss: 0.6402, Val Loss: 0.8226 | Probe Acc: 0.449
Epoch 40/50 | Train Loss: 0.6322, Val Loss: 0.8157 | Probe Acc: 0.491
Epoch 41/50 | Train Loss: 0.6205, Val Loss: 0.7953 | Probe Acc: 0.489
Epoch 42/50 | Train Loss: 0.6127, Val Loss: 0.8008 | Probe Acc: 0.466
Epoch 43/50 | Train Loss: 0.6059, Val Loss: 0.7920 | Probe Acc: 0.486
Epoch 44/50 | Train Loss: 0.6021, Val Loss: 0.7871 | Probe Acc: 0.445
Epoch 45/50 | Train Loss: 0.5942, Val Loss: 0.7750 | Probe Acc: 0.400
Epoch 46/50 | Train Loss: 0.5934, Val Loss: 0.7904 | Probe Acc: 0.471
Epoch 47/50 | Train Loss: 0.5901, Val Loss: 0.7662 | Probe Acc: 0.527
Epoch 48/50 | Train Loss: 0.5894, Val Loss: 0.7782 | Probe Acc: 0.465
Epoch 49/50 | Train Loss: 0.5843, Val Loss: 0.7778 | Probe Acc: 0.472
wandb:                                                                                
wandb: 
wandb: Run history:
wandb:             epoch ▁▁▁▁▂▂▂▂▂▂▃▃▃▃▃▄▄▄▄▄▄▅▅▅▅▅▅▆▆▆▆▆▇▇▇▇▇▇██
wandb:  linear_probe_acc ▃▃▅▇▇▇██▇█▇▇█▇█▇▇▇▆▇▇▆▆▇▇▆▆▄▅▄▃▄▄▄▄▁▄▆▃▆
wandb: simclr_train_loss █▅▄▃▃▃▂▂▂▂▂▂▂▂▂▂▂▂▂▂▂▂▁▁▁▁▁▁▁▁▁▁▁▁▁▁▁▁▁▁
wandb:   simclr_val_loss █▅▄▃▃▃▃▃▃▂▂▂▂▂▂▂▂▂▂▂▂▂▂▂▂▂▁▁▁▁▁▁▁▁▁▁▁▁▁▁
wandb: 
wandb: Run summary:
wandb:             epoch 50
wandb:  linear_probe_acc 0.53074
wandb: simclr_train_loss 0.58219
wandb:   simclr_val_loss 0.77654
wandb: 
wandb: 🚀 View run BS32_LR4e-04_SEED42_TEMPERATURE0.2 at: https://wandb.ai/analiju-paris/eurosat-contrastive-scratch-grid-search/runs/qjgoo28u
wandb: ⭐️ View project at: https://wandb.ai/analiju-paris/eurosat-contrastive-scratch-grid-search
wandb: Synced 5 W&B file(s), 0 media file(s), 0 artifact file(s) and 0 other file(s)
wandb: Find logs at: ./wandb/run-20250618_195247-qjgoo28u/logs
wandb: Tracking run with wandb version 0.19.11
wandb: Run data is saved locally in /users/c/carvalhj/projects/eurosat_preprocessing/exploratory_notebooks/wandb/run-20250618_220133-mfoh7kzw
wandb: Run `wandb offline` to turn off syncing.
wandb: Syncing run linear_probe_seed42_temperature0.2_bs32
wandb: ⭐️ View project at https://wandb.ai/analiju-paris/linear_probe_eurosat-simclr
wandb: 🚀 View run at https://wandb.ai/analiju-paris/linear_probe_eurosat-simclr/runs/mfoh7kzw
Epoch 50/50 | Train Loss: 0.5822, Val Loss: 0.7765 | Probe Acc: 0.531
All runs completed.
Using mean: [0.3441457748413086, 0.38009852170944214, 0.40766361355781555]
Using std: [0.09299740195274353, 0.06464490294456482, 0.054139167070388794]
Total samples in folder: 27000, classes: ['AnnualCrop', 'Forest', 'HerbaceousVegetation', 'Highway', 'Industrial', 'Pasture', 'PermanentCrop', 'Residential', 'River', 'SeaLake']
Stratified split sizes: train=21600, val=2700, test=2700
Train/Test loaders: 759/85 batches
Train + Val loader: 759 batches
Starting linear probe training...
/users/c/carvalhj/miniconda3/envs/myenv/lib/python3.10/site-packages/torch/optim/lr_scheduler.py:240: UserWarning: The epoch parameter in `scheduler.step()` was not necessary and is being deprecated where possible. Please use `scheduler.step()` to step the scheduler. During the deprecation, if epoch is different from None, the closed form is used instead of the new chainable form, where available. Please open an issue if you are unable to replicate your use case: https://github.com/pytorch/pytorch/issues/new/choose.
  warnings.warn(EPOCH_DEPRECATION_WARNING, UserWarning)
[Linear Probe] Epoch 1/30 - Loss: 2.2553, Accuracy: 40.10%
[Linear Probe] Epoch 2/30 - Loss: 2.2309, Accuracy: 45.79%
[Linear Probe] Epoch 3/30 - Loss: 2.2313, Accuracy: 44.15%
[Linear Probe] Epoch 4/30 - Loss: 2.2307, Accuracy: 43.79%
[Linear Probe] Epoch 5/30 - Loss: 2.2315, Accuracy: 45.08%
[Linear Probe] Epoch 6/30 - Loss: 2.2303, Accuracy: 44.08%
[Linear Probe] Epoch 7/30 - Loss: 2.2310, Accuracy: 44.31%
[Linear Probe] Epoch 8/30 - Loss: 2.2303, Accuracy: 44.56%
[Linear Probe] Epoch 9/30 - Loss: 2.2304, Accuracy: 43.24%
[Linear Probe] Epoch 10/30 - Loss: 2.2308, Accuracy: 46.15%
[Linear Probe] Epoch 11/30 - Loss: 2.2312, Accuracy: 45.68%
[Linear Probe] Epoch 12/30 - Loss: 2.2308, Accuracy: 45.65%
[Linear Probe] Epoch 13/30 - Loss: 2.2311, Accuracy: 49.09%
[Linear Probe] Epoch 14/30 - Loss: 2.2313, Accuracy: 46.85%
[Linear Probe] Epoch 15/30 - Loss: 2.2305, Accuracy: 46.21%
[Linear Probe] Epoch 16/30 - Loss: 2.2307, Accuracy: 47.78%
[Linear Probe] Epoch 17/30 - Loss: 2.2307, Accuracy: 47.40%
[Linear Probe] Epoch 18/30 - Loss: 2.2306, Accuracy: 48.88%
[Linear Probe] Epoch 19/30 - Loss: 2.2308, Accuracy: 51.74%
[Linear Probe] Epoch 20/30 - Loss: 2.2306, Accuracy: 50.24%
[Linear Probe] Epoch 21/30 - Loss: 2.2303, Accuracy: 51.15%
[Linear Probe] Epoch 22/30 - Loss: 2.2308, Accuracy: 52.52%
[Linear Probe] Epoch 23/30 - Loss: 2.2305, Accuracy: 52.39%
[Linear Probe] Epoch 24/30 - Loss: 2.2305, Accuracy: 53.59%
[Linear Probe] Epoch 25/30 - Loss: 2.2301, Accuracy: 53.64%
[Linear Probe] Epoch 26/30 - Loss: 2.2306, Accuracy: 54.27%
[Linear Probe] Epoch 27/30 - Loss: 2.2304, Accuracy: 54.79%
[Linear Probe] Epoch 28/30 - Loss: 2.2303, Accuracy: 55.65%
[Linear Probe] Epoch 29/30 - Loss: 2.2301, Accuracy: 54.99%
[Linear Probe] Epoch 30/30 - Loss: 2.2301, Accuracy: 55.13%
Test Accuracy: 54.63%
Linear probe accuracy: 55.13%, Test accuracy: 54.63%
[1;34mwandb[0m: 
[1;34mwandb[0m: 🚀 View run [33mlinear_probe_seed42_temperature0.2_bs32[0m at: [34mhttps://wandb.ai/analiju-paris/linear_probe_eurosat-simclr/runs/mfoh7kzw[0m
[1;34mwandb[0m: Find logs at: [1;35mwandb/run-20250618_220133-mfoh7kzw/logs[0m
