wandb: Currently logged in as: analiju (analiju-paris) to https://api.wandb.ai. Use `wandb login --relogin` to force relogin
Conda version: 25.5.1
Python version: 3.10.16
PyTorch version: 2.5.1
CUDA available: True
CUDA device count: 2
Torchvision version: 0.20.1
Successfully set to use GPU: 1 (NVIDIA RTX A6000)
Final DEVICE variable is set to: cuda:1
Current PyTorch default device: 0
Current PyTorch default device (after set_device): 1
Dummy tensor is on device: cuda:1

=== Starting run with seed 42 ===
Total samples in folder: 27000, classes: ['AnnualCrop', 'Forest', 'HerbaceousVegetation', 'Highway', 'Industrial', 'Pasture', 'PermanentCrop', 'Residential', 'River', 'SeaLake']
Stratified split sizes: train=21600, val=2700, test=2700
Computed mean: [0.3441457152366638, 0.3800986111164093, 0.40766361355781555]
Computed std:  [0.09299743920564651, 0.06464490294456482, 0.054139167070388794]
Mean and std saved to models/mean_std.txt
Train/Val/Test loaders: 84/11/11 batches

=== Starting run with seed 42 ===
Total samples in folder: 27000, classes: ['AnnualCrop', 'Forest', 'HerbaceousVegetation', 'Highway', 'Industrial', 'Pasture', 'PermanentCrop', 'Residential', 'River', 'SeaLake']
Stratified split sizes: train=21600, val=2700, test=2700
wandb: Tracking run with wandb version 0.20.1
wandb: Run data is saved locally in /users/c/carvalhj/projects/eurosat_preprocessing/exploratory_notebooks/wandb/run-20250625_100854-qa8ufsau
wandb: Run `wandb offline` to turn off syncing.
wandb: Syncing run BS256_LR4e-04_SEED42_TEMPERATURE0.2_EPOCHS60
wandb: ⭐️ View project at https://wandb.ai/analiju-paris/eurosat-contrastive-scratch
wandb: 🚀 View run at https://wandb.ai/analiju-paris/eurosat-contrastive-scratch/runs/qa8ufsau
Computed mean: [0.3441457152366638, 0.3800986111164093, 0.40766361355781555]
Computed std:  [0.09299743920564651, 0.06464490294456482, 0.054139167070388794]
Mean and std saved to models/mean_std.txt
Train/Val/Test loaders: 84/11/11 batches
Starting SimCLR training...
/users/c/carvalhj/miniconda3/envs/myenv/lib/python3.10/site-packages/torch/optim/lr_scheduler.py:240: UserWarning: The epoch parameter in `scheduler.step()` was not necessary and is being deprecated where possible. Please use `scheduler.step()` to step the scheduler. During the deprecation, if epoch is different from None, the closed form is used instead of the new chainable form, where available. Please open an issue if you are unable to replicate   use case: https://github.com/pytorch/pytorch/issues/new/choose.
  warnings.warn(EPOCH_DEPRECATION_WARNING, UserWarning)
Epoch 01/60 | Train Loss: 6.1019, Val Loss: 5.9595 | Probe Acc (Train): 0.399, Probe Acc (Val): 0.395 | Contrastive Acc (Train): 0.011, Contrastive Acc (Val): 0.017 | KNN Acc (Val): 0.570
Epoch 02/60 | Train Loss: 5.8640, Val Loss: 5.8328 | Probe Acc (Train): 0.472, Probe Acc (Val): 0.475 | Contrastive Acc (Train): 0.014, Contrastive Acc (Val): 0.015 | KNN Acc (Val): 0.622
Epoch 03/60 | Train Loss: 5.7505, Val Loss: 5.8939 | Probe Acc (Train): 0.518, Probe Acc (Val): 0.515 | Contrastive Acc (Train): 0.016, Contrastive Acc (Val): 0.014 | KNN Acc (Val): 0.651
Epoch 04/60 | Train Loss: 5.6879, Val Loss: 5.6890 | Probe Acc (Train): 0.523, Probe Acc (Val): 0.512 | Contrastive Acc (Train): 0.020, Contrastive Acc (Val): 0.023 | KNN Acc (Val): 0.630
Epoch 05/60 | Train Loss: 5.5254, Val Loss: 5.4472 | Probe Acc (Train): 0.607, Probe Acc (Val): 0.569 | Contrastive Acc (Train): 0.032, Contrastive Acc (Val): 0.030 | KNN Acc (Val): 0.639
Epoch 06/60 | Train Loss: 5.2887, Val Loss: 5.2677 | Probe Acc (Train): 0.621, Probe Acc (Val): 0.607 | Contrastive Acc (Train): 0.041, Contrastive Acc (Val): 0.043 | KNN Acc (Val): 0.642
Epoch 07/60 | Train Loss: 5.0958, Val Loss: 5.2085 | Probe Acc (Train): 0.641, Probe Acc (Val): 0.638 | Contrastive Acc (Train): 0.052, Contrastive Acc (Val): 0.049 | KNN Acc (Val): 0.663
Epoch 08/60 | Train Loss: 4.9290, Val Loss: 4.9596 | Probe Acc (Train): 0.649, Probe Acc (Val): 0.634 | Contrastive Acc (Train): 0.064, Contrastive Acc (Val): 0.066 | KNN Acc (Val): 0.658
Epoch 09/60 | Train Loss: 4.7590, Val Loss: 4.8831 | Probe Acc (Train): 0.658, Probe Acc (Val): 0.652 | Contrastive Acc (Train): 0.081, Contrastive Acc (Val): 0.086 | KNN Acc (Val): 0.664
Epoch 10/60 | Train Loss: 4.6061, Val Loss: 4.6206 | Probe Acc (Train): 0.644, Probe Acc (Val): 0.633 | Contrastive Acc (Train): 0.118, Contrastive Acc (Val): 0.113 | KNN Acc (Val): 0.667
Epoch 11/60 | Train Loss: 4.4492, Val Loss: 4.5118 | Probe Acc (Train): 0.676, Probe Acc (Val): 0.675 | Contrastive Acc (Train): 0.133, Contrastive Acc (Val): 0.144 | KNN Acc (Val): 0.697
Epoch 12/60 | Train Loss: 4.3155, Val Loss: 4.3100 | Probe Acc (Train): 0.689, Probe Acc (Val): 0.683 | Contrastive Acc (Train): 0.162, Contrastive Acc (Val): 0.167 | KNN Acc (Val): 0.707
Epoch 13/60 | Train Loss: 4.2404, Val Loss: 4.3439 | Probe Acc (Train): 0.699, Probe Acc (Val): 0.692 | Contrastive Acc (Train): 0.158, Contrastive Acc (Val): 0.163 | KNN Acc (Val): 0.706
Epoch 14/60 | Train Loss: 4.1743, Val Loss: 4.1778 | Probe Acc (Train): 0.689, Probe Acc (Val): 0.678 | Contrastive Acc (Train): 0.181, Contrastive Acc (Val): 0.187 | KNN Acc (Val): 0.713
Epoch 15/60 | Train Loss: 4.1241, Val Loss: 4.2289 | Probe Acc (Train): 0.691, Probe Acc (Val): 0.678 | Contrastive Acc (Train): 0.190, Contrastive Acc (Val): 0.200 | KNN Acc (Val): 0.719
Epoch 16/60 | Train Loss: 4.0507, Val Loss: 4.0637 | Probe Acc (Train): 0.713, Probe Acc (Val): 0.697 | Contrastive Acc (Train): 0.208, Contrastive Acc (Val): 0.194 | KNN Acc (Val): 0.745
Epoch 17/60 | Train Loss: 4.0172, Val Loss: 4.1533 | Probe Acc (Train): 0.706, Probe Acc (Val): 0.700 | Contrastive Acc (Train): 0.211, Contrastive Acc (Val): 0.204 | KNN Acc (Val): 0.745
Epoch 18/60 | Train Loss: 3.9567, Val Loss: 4.2171 | Probe Acc (Train): 0.728, Probe Acc (Val): 0.723 | Contrastive Acc (Train): 0.200, Contrastive Acc (Val): 0.201 | KNN Acc (Val): 0.759
Epoch 19/60 | Train Loss: 3.9199, Val Loss: 4.0297 | Probe Acc (Train): 0.736, Probe Acc (Val): 0.715 | Contrastive Acc (Train): 0.231, Contrastive Acc (Val): 0.228 | KNN Acc (Val): 0.764
Epoch 20/60 | Train Loss: 3.8661, Val Loss: 3.9134 | Probe Acc (Train): 0.743, Probe Acc (Val): 0.733 | Contrastive Acc (Train): 0.260, Contrastive Acc (Val): 0.257 | KNN Acc (Val): 0.771
Epoch 21/60 | Train Loss: 3.8191, Val Loss: 3.8614 | Probe Acc (Train): 0.735, Probe Acc (Val): 0.730 | Contrastive Acc (Train): 0.271, Contrastive Acc (Val): 0.265 | KNN Acc (Val): 0.779
Epoch 22/60 | Train Loss: 3.8144, Val Loss: 3.8986 | Probe Acc (Train): 0.748, Probe Acc (Val): 0.742 | Contrastive Acc (Train): 0.261, Contrastive Acc (Val): 0.277 | KNN Acc (Val): 0.782
Epoch 23/60 | Train Loss: 3.7637, Val Loss: 3.9137 | Probe Acc (Train): 0.745, Probe Acc (Val): 0.738 | Contrastive Acc (Train): 0.265, Contrastive Acc (Val): 0.277 | KNN Acc (Val): 0.782
Epoch 24/60 | Train Loss: 3.7318, Val Loss: 3.8604 | Probe Acc (Train): 0.758, Probe Acc (Val): 0.753 | Contrastive Acc (Train): 0.279, Contrastive Acc (Val): 0.287 | KNN Acc (Val): 0.793
Epoch 25/60 | Train Loss: 3.7052, Val Loss: 3.7861 | Probe Acc (Train): 0.766, Probe Acc (Val): 0.752 | Contrastive Acc (Train): 0.300, Contrastive Acc (Val): 0.304 | KNN Acc (Val): 0.799
Epoch 26/60 | Train Loss: 3.6751, Val Loss: 3.7721 | Probe Acc (Train): 0.767, Probe Acc (Val): 0.761 | Contrastive Acc (Train): 0.315, Contrastive Acc (Val): 0.311 | KNN Acc (Val): 0.793
Epoch 27/60 | Train Loss: 3.6636, Val Loss: 3.6861 | Probe Acc (Train): 0.765, Probe Acc (Val): 0.759 | Contrastive Acc (Train): 0.325, Contrastive Acc (Val): 0.331 | KNN Acc (Val): 0.801
Epoch 28/60 | Train Loss: 3.6333, Val Loss: 3.7613 | Probe Acc (Train): 0.769, Probe Acc (Val): 0.766 | Contrastive Acc (Train): 0.313, Contrastive Acc (Val): 0.336 | KNN Acc (Val): 0.809
Epoch 29/60 | Train Loss: 3.6087, Val Loss: 3.6400 | Probe Acc (Train): 0.780, Probe Acc (Val): 0.776 | Contrastive Acc (Train): 0.340, Contrastive Acc (Val): 0.322 | KNN Acc (Val): 0.811
Epoch 30/60 | Train Loss: 3.5838, Val Loss: 3.6958 | Probe Acc (Train): 0.776, Probe Acc (Val): 0.770 | Contrastive Acc (Train): 0.332, Contrastive Acc (Val): 0.338 | KNN Acc (Val): 0.823
Epoch 31/60 | Train Loss: 3.5665, Val Loss: 3.6246 | Probe Acc (Train): 0.779, Probe Acc (Val): 0.769 | Contrastive Acc (Train): 0.350, Contrastive Acc (Val): 0.359 | KNN Acc (Val): 0.814
Epoch 32/60 | Train Loss: 3.5495, Val Loss: 3.6727 | Probe Acc (Train): 0.792, Probe Acc (Val): 0.787 | Contrastive Acc (Train): 0.345, Contrastive Acc (Val): 0.341 | KNN Acc (Val): 0.831
Epoch 33/60 | Train Loss: 3.5262, Val Loss: 3.6714 | Probe Acc (Train): 0.792, Probe Acc (Val): 0.786 | Contrastive Acc (Train): 0.349, Contrastive Acc (Val): 0.369 | KNN Acc (Val): 0.829
Epoch 34/60 | Train Loss: 3.5033, Val Loss: 3.5455 | Probe Acc (Train): 0.794, Probe Acc (Val): 0.782 | Contrastive Acc (Train): 0.379, Contrastive Acc (Val): 0.382 | KNN Acc (Val): 0.832
Epoch 35/60 | Train Loss: 3.4859, Val Loss: 3.5098 | Probe Acc (Train): 0.800, Probe Acc (Val): 0.798 | Contrastive Acc (Train): 0.390, Contrastive Acc (Val): 0.388 | KNN Acc (Val): 0.840
Epoch 36/60 | Train Loss: 3.4813, Val Loss: 3.4848 | Probe Acc (Train): 0.802, Probe Acc (Val): 0.797 | Contrastive Acc (Train): 0.387, Contrastive Acc (Val): 0.389 | KNN Acc (Val): 0.847
Epoch 37/60 | Train Loss: 3.4534, Val Loss: 3.5966 | Probe Acc (Train): 0.801, Probe Acc (Val): 0.796 | Contrastive Acc (Train): 0.377, Contrastive Acc (Val): 0.386 | KNN Acc (Val): 0.840
Epoch 38/60 | Train Loss: 3.4401, Val Loss: 3.4667 | Probe Acc (Train): 0.809, Probe Acc (Val): 0.796 | Contrastive Acc (Train): 0.411, Contrastive Acc (Val): 0.405 | KNN Acc (Val): 0.843
Epoch 39/60 | Train Loss: 3.4184, Val Loss: 3.4207 | Probe Acc (Train): 0.811, Probe Acc (Val): 0.801 | Contrastive Acc (Train): 0.416, Contrastive Acc (Val): 0.424 | KNN Acc (Val): 0.846
Epoch 40/60 | Train Loss: 3.4083, Val Loss: 3.4922 | Probe Acc (Train): 0.810, Probe Acc (Val): 0.801 | Contrastive Acc (Train): 0.402, Contrastive Acc (Val): 0.402 | KNN Acc (Val): 0.852
Epoch 41/60 | Train Loss: 3.3967, Val Loss: 3.5235 | Probe Acc (Train): 0.814, Probe Acc (Val): 0.804 | Contrastive Acc (Train): 0.393, Contrastive Acc (Val): 0.380 | KNN Acc (Val): 0.850
Epoch 42/60 | Train Loss: 3.3804, Val Loss: 3.4037 | Probe Acc (Train): 0.813, Probe Acc (Val): 0.803 | Contrastive Acc (Train): 0.432, Contrastive Acc (Val): 0.404 | KNN Acc (Val): 0.856
Epoch 43/60 | Train Loss: 3.3867, Val Loss: 3.4807 | Probe Acc (Train): 0.820, Probe Acc (Val): 0.807 | Contrastive Acc (Train): 0.415, Contrastive Acc (Val): 0.435 | KNN Acc (Val): 0.858
Epoch 44/60 | Train Loss: 3.3475, Val Loss: 3.3809 | Probe Acc (Train): 0.820, Probe Acc (Val): 0.810 | Contrastive Acc (Train): 0.437, Contrastive Acc (Val): 0.428 | KNN Acc (Val): 0.860
Epoch 45/60 | Train Loss: 3.3501, Val Loss: 3.4243 | Probe Acc (Train): 0.816, Probe Acc (Val): 0.805 | Contrastive Acc (Train): 0.422, Contrastive Acc (Val): 0.419 | KNN Acc (Val): 0.857
Epoch 46/60 | Train Loss: 3.3314, Val Loss: 3.4699 | Probe Acc (Train): 0.820, Probe Acc (Val): 0.813 | Contrastive Acc (Train): 0.421, Contrastive Acc (Val): 0.421 | KNN Acc (Val): 0.862
Epoch 47/60 | Train Loss: 3.3155, Val Loss: 3.3604 | Probe Acc (Train): 0.817, Probe Acc (Val): 0.814 | Contrastive Acc (Train): 0.445, Contrastive Acc (Val): 0.449 | KNN Acc (Val): 0.861
Epoch 48/60 | Train Loss: 3.3282, Val Loss: 3.3547 | Probe Acc (Train): 0.825, Probe Acc (Val): 0.820 | Contrastive Acc (Train): 0.454, Contrastive Acc (Val): 0.454 | KNN Acc (Val): 0.860
Epoch 49/60 | Train Loss: 3.3073, Val Loss: 3.3248 | Probe Acc (Train): 0.822, Probe Acc (Val): 0.817 | Contrastive Acc (Train): 0.465, Contrastive Acc (Val): 0.463 | KNN Acc (Val): 0.862
   Epoch 50/60 | Train Loss: 3.2975, Val Loss: 3.2852 | Probe Acc (Train): 0.824, Probe Acc (Val): 0.819 | Contrastive Acc (Train): 0.462, Contrastive Acc (Val): 0.454 | KNN Acc (Val): 0.861
Epoch 51/60 | Train Loss: 3.3013, Val Loss: 3.3082 | Probe Acc (Train): 0.823, Probe Acc (Val): 0.821 | Contrastive Acc (Train): 0.464, Contrastive Acc (Val): 0.451 | KNN Acc (Val): 0.865
Epoch 52/60 | Train Loss: 3.2946, Val Loss: 3.2995 | Probe Acc (Train): 0.823, Probe Acc (Val): 0.817 | Contrastive Acc (Train): 0.465, Contrastive Acc (Val): 0.474 | KNN Acc (Val): 0.864
Epoch 53/60 | Train Loss: 3.2955, Val Loss: 3.3334 | Probe Acc (Train): 0.826, Probe Acc (Val): 0.821 | Contrastive Acc (Train): 0.466, Contrastive Acc (Val): 0.470 | KNN Acc (Val): 0.860
Epoch 54/60 | Train Loss: 3.2681, Val Loss: 3.3072 | Probe Acc (Train): 0.827, Probe Acc (Val): 0.820 | Contrastive Acc (Train): 0.463, Contrastive Acc (Val): 0.474 | KNN Acc (Val): 0.863
Epoch 55/60 | Train Loss: 3.2803, Val Loss: 3.2675 | Probe Acc (Train): 0.830, Probe Acc (Val): 0.821 | Contrastive Acc (Train): 0.464, Contrastive Acc (Val): 0.459 | KNN Acc (Val): 0.861
Epoch 56/60 | Train Loss: 3.2851, Val Loss: 3.2903 | Probe Acc (Train): 0.827, Probe Acc (Val): 0.819 | Contrastive Acc (Train): 0.472, Contrastive Acc (Val): 0.471 | KNN Acc (Val): 0.861
Epoch 57/60 | Train Loss: 3.2724, Val Loss: 3.2851 | Probe Acc (Train): 0.830, Probe Acc (Val): 0.820 | Contrastive Acc (Train): 0.474, Contrastive Acc (Val): 0.467 | KNN Acc (Val): 0.861
Epoch 58/60 | Train Loss: 3.2702, Val Loss: 3.2871 | Probe Acc (Train): 0.829, Probe Acc (Val): 0.818 | Contrastive Acc (Train): 0.479, Contrastive Acc (Val): 0.478 | KNN Acc (Val): 0.859
Epoch 59/60 | Train Loss: 3.2758, Val Loss: 3.2553 | Probe Acc (Train): 0.833, Probe Acc (Val): 0.827 | Contrastive Acc (Train): 0.467, Contrastive Acc (Val): 0.475 | KNN Acc (Val): 0.861
Epoch 60/60 | Train Loss: 3.2706, Val Loss: 3.3027 | Probe Acc (Train): 0.828, Probe Acc (Val): 0.821 | Contrastive Acc (Train): 0.474, Contrastive Acc (Val): 0.476 | KNN Acc (Val): 0.860
Final contrastive accuracy on val split: 46.80%
Final contrastive accuracy on train split: 47.61%
wandb:                                                                                
wandb: 
wandb: Run history:
wandb:            contrastive_train_acc ▁▁▁▁▂▃▃▃▄▄▄▅▅▅▅▅▆▆▆▆▆▇▇▆▇▇▇▇▇▇▇▇████████
wandb:              contrastive_val_acc ▁▁▁▁▁▂▂▃▃▃▄▄▄▅▅▅▅▅▆▆▆▆▆▇▇▇▇▇▇▇▇▇▇███████
wandb:                            epoch ▁▁▁▁▁▂▂▂▂▃▃▃▄▄▄▄▄▄▅▅▅▅▅▅▅▆▆▆▆▆▆▇▇▇▇▇████
wandb:       final_contrastive_accuracy ▁
wandb: final_contrastive_accuracy_train ▁
wandb:                    final_knn_acc ▁
wandb:                      knn_val_acc ▁▂▁▁▂▂▂▃▃▃▄▅▅▆▆▆▆▆▆▇▇▇▇▇▇▇██████████████
wandb:             linear_probe_acc_val ▁▁▂▃▄▄▅▅▅▅▆▆▆▆▆▇▇▇▇▇▇▇▇▇▇███████████████
wandb:           linear_probe_train_acc ▁▂▃▄▅▅▅▆▆▆▆▆▇▆▇▇▇▇▇▇▇▇▇█████████████████
wandb:                simclr_train_loss █▇▇▇▆▅▅▄▄▃▃▃▃▃▂▂▂▂▂▂▂▂▂▂▂▁▁▁▁▁▁▁▁▁▁▁▁▁▁▁
wandb:                  simclr_val_loss █▇▇▆▆▅▄▄▄▃▃▃▄▃▃▃▃▂▂▂▂▂▂▂▂▁▂▁▂▁▂▁▁▁▁▁▁▁▁▁
wandb: 
wandb: Run summary:
wandb:            contrastive_train_acc 0.47354
wandb:              contrastive_val_acc 0.47611
wandb:                            epoch 60
wandb:       final_contrastive_accuracy 0.46796
wandb: final_contrastive_accuracy_train 0.47605
wandb:                    final_knn_acc 0.86037
wandb:                      knn_val_acc 0.86037
wandb:             linear_probe_acc_val 0.82111
wandb:           linear_probe_train_acc 0.82806
wandb:                simclr_train_loss 3.27055
wandb:                  simclr_val_loss 3.30271
wandb: 
wandb: 🚀 View run BS256_LR4e-04_SEED42_TEMPERATURE0.2_EPOCHS60 at: https://wandb.ai/analiju-paris/eurosat-contrastive-scratch/runs/qa8ufsau
wandb: ⭐️ View project at: https://wandb.ai/analiju-paris/eurosat-contrastive-scratch
wandb: Synced 5 W&B file(s), 0 media file(s), 0 artifact file(s) and 0 other file(s)
wandb: Find logs at: ./wandb/run-20250625_100854-qa8ufsau/logs
wandb: Tracking run with wandb version 0.20.1
wandb: Run data is saved locally in /users/c/carvalhj/projects/eurosat_preprocessing/exploratory_notebooks/wandb/run-20250625_142358-jvh482og
wandb: Run `wandb offline` to turn off syncing.
wandb: Syncing run linear_probe_seed42_temperature0.2_bs256
wandb: ⭐️ View project at https://wandb.ai/analiju-paris/linear_probe_eurosat-simclr
wandb: 🚀 View run at https://wandb.ai/analiju-paris/linear_probe_eurosat-simclr/runs/jvh482og
Final kNN (k=5) on val: 86.04%
Model saved to models/simclr_seed42_bs256_temp0.2_Tepochs60_lr0.000375.pth
All runs completed.
Using mean: [0.3441457152366638, 0.3800986111164093, 0.40766361355781555]
Using std: [0.09299743920564651, 0.06464490294456482, 0.054139167070388794]
Total samples in folder: 27000, classes: ['AnnualCrop', 'Forest', 'HerbaceousVegetation', 'Highway', 'Industrial', 'Pasture', 'PermanentCrop', 'Residential', 'River', 'SeaLake']
Stratified split sizes: train=21600, val=2700, test=2700
Train/Test loaders: 94/11 batches
Train + Val loader: 94 batches
Starting linear probe training...
/users/c/carvalhj/miniconda3/envs/myenv/lib/python3.10/site-packages/torch/optim/lr_scheduler.py:240: UserWarning: The epoch parameter in `scheduler.step()` was not necessary and is being deprecated where possible. Please use `scheduler.step()` to step the scheduler. During the deprecation, if epoch is different from None, the closed form is used instead of the new chainable form, where available. Please open an issue if you are unable to replicate your use case: https://github.com/pytorch/pytorch/issues/new/choose.
  warnings.warn(EPOCH_DEPRECATION_WARNING, UserWarning)
[Linear Probe] Epoch 1/20 - Loss: 1.5124, Accuracy: 52.75%
[Linear Probe] Epoch 2/20 - Loss: 0.7707, Accuracy: 75.99%
[Linear Probe] Epoch 3/20 - Loss: 0.7409, Accuracy: 76.60%
[Linear Probe] Epoch 4/20 - Loss: 0.7360, Accuracy: 76.31%
[Linear Probe] Epoch 5/20 - Loss: 0.7330, Accuracy: 76.82%
[Linear Probe] Epoch 6/20 - Loss: 0.7285, Accuracy: 76.35%
[Linear Probe] Epoch 7/20 - Loss: 0.7280, Accuracy: 76.40%
[Linear Probe] Epoch 8/20 - Loss: 0.7294, Accuracy: 76.24%
[Linear Probe] Epoch 9/20 - Loss: 0.7292, Accuracy: 76.64%
[Linear Probe] Epoch 10/20 - Loss: 0.7280, Accuracy: 76.53%
[Linear Probe] Epoch 11/20 - Loss: 0.7259, Accuracy: 76.72%
[Linear Probe] Epoch 12/20 - Loss: 0.7245, Accuracy: 76.76%
[Linear Probe] Epoch 13/20 - Loss: 0.7188, Accuracy: 77.22%
[Linear Probe] Epoch 14/20 - Loss: 0.7186, Accuracy: 76.92%
[Linear Probe] Epoch 15/20 - Loss: 0.7224, Accuracy: 76.97%
[Linear Probe] Epoch 16/20 - Loss: 0.7183, Accuracy: 77.08%
[Linear Probe] Epoch 17/20 - Loss: 0.7211, Accuracy: 76.93%
[Linear Probe] Epoch 18/20 - Loss: 0.7179, Accuracy: 77.09%
[Linear Probe] Epoch 19/20 - Loss: 0.7144, Accuracy: 77.40%
[Linear Probe] Epoch 20/20 - Loss: 0.7180, Accuracy: 77.14%
Test Accuracy: 77.30%
Linear probe accuracy: 77.14%, Test accuracy: 77.30%
[1;34mwandb[0m: 
[1;34mwandb[0m: 🚀 View run [33mlinear_probe_seed42_temperature0.2_bs256[0m at: [34mhttps://wandb.ai/analiju-paris/linear_probe_eurosat-simclr/runs/jvh482og[0m
[1;34mwandb[0m: Find logs at: [1;35mwandb/run-20250625_142358-jvh482og/logs[0m
