wandb: Currently logged in as: analiju (analiju-paris) to https://api.wandb.ai. Use `wandb login --relogin` to force relogin
Conda version: 25.5.1
Python version: 3.10.16
PyTorch version: 2.5.1
CUDA available: True
CUDA device count: 2
Torchvision version: 0.20.1
Successfully set to use GPU: 0 (NVIDIA RTX A6000)
Final DEVICE variable is set to: cuda:0
Current PyTorch default device: 0
Current PyTorch default device (after set_device): 0
Dummy tensor is on device: cuda:0

=== Starting run with seed 42 ===
Total samples in folder: 27000, classes: ['AnnualCrop', 'Forest', 'HerbaceousVegetation', 'Highway', 'Industrial', 'Pasture', 'PermanentCrop', 'Residential', 'River', 'SeaLake']
Stratified split sizes: train=21600, val=2700, test=2700
wandb: Tracking run with wandb version 0.20.1
wandb: Run data is saved locally in /users/c/carvalhj/projects/eurosat_preprocessing/exploratory_notebooks/wandb/run-20250619_104906-9my8k1kj
wandb: Run `wandb offline` to turn off syncing.
wandb: Syncing run BS1024_LR4e-04_SEED42_TEMPERATURE0.2
wandb: ⭐️ View project at https://wandb.ai/analiju-paris/eurosat-contrastive-scratch-grid-search
wandb: 🚀 View run at https://wandb.ai/analiju-paris/eurosat-contrastive-scratch-grid-search/runs/9my8k1kj
Computed mean: [0.3441457450389862, 0.3800985515117645, 0.40766358375549316]
Computed std:  [0.09299740940332413, 0.06464491039514542, 0.05413917079567909]
Mean and std saved to models/mean_std.txt
Train/Val/Test loaders: 21/3/3 batches
Starting SimCLR training...
/users/c/carvalhj/miniconda3/envs/myenv/lib/python3.10/site-packages/torch/optim/lr_scheduler.py:240: UserWarning: The epoch parameter in `scheduler.step()` was not necessary and is being deprecated where possible. Please use `scheduler.step()` to step the scheduler. During the deprecation, if epoch is different from None, the closed form is used instead of the new chainable form, where available. Please open an issue if you are unable to replicate   use case: https://github.com/pytorch/pytorch/issues/new/choose.
  warnings.warn(EPOCH_DEPRECATION_WARNING, UserWarning)
Epoch 01/100 | Train Loss: 7.2428, Val Loss: 6.8378 | Probe Acc: 0.294
Epoch 02/100 | Train Loss: 6.4479, Val Loss: 6.1315 | Probe Acc: 0.335
Epoch 03/100 | Train Loss: 5.8069, Val Loss: 5.6214 | Probe Acc: 0.354
Epoch 04/100 | Train Loss: 5.4701, Val Loss: 5.2574 | Probe Acc: 0.350
Epoch 05/100 | Train Loss: 5.2540, Val Loss: 5.1549 | Probe Acc: 0.442
Epoch 06/100 | Train Loss: 5.0683, Val Loss: 4.8552 | Probe Acc: 0.433
Epoch 07/100 | Train Loss: 4.8834, Val Loss: 4.7301 | Probe Acc: 0.433
Epoch 08/100 | Train Loss: 4.7506, Val Loss: 4.6268 | Probe Acc: 0.484
Epoch 09/100 | Train Loss: 4.6595, Val Loss: 4.5473 | Probe Acc: 0.486
Epoch 10/100 | Train Loss: 4.5567, Val Loss: 4.5326 | Probe Acc: 0.498
Epoch 11/100 | Train Loss: 4.4669, Val Loss: 4.3994 | Probe Acc: 0.528
Epoch 12/100 | Train Loss: 4.3971, Val Loss: 4.3473 | Probe Acc: 0.471
Epoch 13/100 | Train Loss: 4.3644, Val Loss: 4.2927 | Probe Acc: 0.496
Epoch 14/100 | Train Loss: 4.2945, Val Loss: 4.2192 | Probe Acc: 0.507
Epoch 15/100 | Train Loss: 4.2635, Val Loss: 4.1864 | Probe Acc: 0.501
Epoch 16/100 | Train Loss: 4.2008, Val Loss: 4.1577 | Probe Acc: 0.511
Epoch 17/100 | Train Loss: 4.1794, Val Loss: 4.1464 | Probe Acc: 0.482
Epoch 18/100 | Train Loss: 4.1427, Val Loss: 4.1055 | Probe Acc: 0.514
Epoch 19/100 | Train Loss: 4.1103, Val Loss: 4.0343 | Probe Acc: 0.510
Epoch 20/100 | Train Loss: 4.0821, Val Loss: 4.0646 | Probe Acc: 0.496
Epoch 21/100 | Train Loss: 4.0591, Val Loss: 4.0301 | Probe Acc: 0.529
Epoch 22/100 | Train Loss: 4.0169, Val Loss: 4.0123 | Probe Acc: 0.536
Epoch 23/100 | Train Loss: 4.0182, Val Loss: 3.9923 | Probe Acc: 0.507
Epoch 24/100 | Train Loss: 3.9651, Val Loss: 3.9297 | Probe Acc: 0.493
Epoch 25/100 | Train Loss: 3.9375, Val Loss: 3.8807 | Probe Acc: 0.538
Epoch 26/100 | Train Loss: 3.9436, Val Loss: 3.9490 | Probe Acc: 0.496
Epoch 27/100 | Train Loss: 3.9283, Val Loss: 3.8817 | Probe Acc: 0.515
Epoch 28/100 | Train Loss: 3.8858, Val Loss: 3.8278 | Probe Acc: 0.527
Epoch 29/100 | Train Loss: 3.8701, Val Loss: 3.8572 | Probe Acc: 0.507
Epoch 30/100 | Train Loss: 3.8453, Val Loss: 3.8473 | Probe Acc: 0.511
Epoch 31/100 | Train Loss: 3.8430, Val Loss: 3.8675 | Probe Acc: 0.501
Epoch 32/100 | Train Loss: 3.8237, Val Loss: 3.8025 | Probe Acc: 0.552
Epoch 33/100 | Train Loss: 3.8229, Val Loss: 3.7681 | Probe Acc: 0.546
Epoch 34/100 | Train Loss: 3.8064, Val Loss: 3.8095 | Probe Acc: 0.556
Epoch 35/100 | Train Loss: 3.7977, Val Loss: 3.8328 | Probe Acc: 0.519
Epoch 36/100 | Train Loss: 3.7779, Val Loss: 3.7725 | Probe Acc: 0.543
Epoch 37/100 | Train Loss: 3.7564, Val Loss: 3.7767 | Probe Acc: 0.551
Epoch 38/100 | Train Loss: 3.7530, Val Loss: 3.7308 | Probe Acc: 0.516
Epoch 39/100 | Train Loss: 3.7357, Val Loss: 3.7283 | Probe Acc: 0.539
Epoch 40/100 | Train Loss: 3.7440, Val Loss: 3.7356 | Probe Acc: 0.562
Epoch 41/100 | Train Loss: 3.7309, Val Loss: 3.7328 | Probe Acc: 0.526
Epoch 42/100 | Train Loss: 3.7077, Val Loss: 3.7549 | Probe Acc: 0.527
Epoch 43/100 | Train Loss: 3.7043, Val Loss: 3.7029 | Probe Acc: 0.506
Epoch 44/100 | Train Loss: 3.7083, Val Loss: 3.6967 | Probe Acc: 0.540
Epoch 45/100 | Train Loss: 3.6802, Val Loss: 3.6555 | Probe Acc: 0.556
Epoch 46/100 | Train Loss: 3.6785, Val Loss: 3.6958 | Probe Acc: 0.543
Epoch 47/100 | Train Loss: 3.6713, Val Loss: 3.6574 | Probe Acc: 0.549
Epoch 48/100 | Train Loss: 3.6513, Val Loss: 3.6584 | Probe Acc: 0.548
Epoch 49/100 | Train Loss: 3.6578, Val Loss: 3.6507 | Probe Acc: 0.546
Epoch 50/100 | Train Loss: 3.6445, Val Loss: 3.6352 | Probe Acc: 0.531
Epoch 51/100 | Train Loss: 3.6373, Val Loss: 3.6645 | Probe Acc: 0.556
Epoch 52/100 | Train Loss: 3.6262, Val Loss: 3.6419 | Probe Acc: 0.588
Epoch 53/100 | Train Loss: 3.6245, Val Loss: 3.6175 | Probe Acc: 0.543
Epoch 54/100 | Train Loss: 3.6110, Val Loss: 3.6214 | Probe Acc: 0.564
Epoch 55/100 | Train Loss: 3.6113, Val Loss: 3.6082 | Probe Acc: 0.537
Epoch 56/100 | Train Loss: 3.5977, Val Loss: 3.6008 | Probe Acc: 0.531
Epoch 57/100 | Train Loss: 3.5857, Val Loss: 3.5847 | Probe Acc: 0.536
Epoch 58/100 | Train Loss: 3.5864, Val Loss: 3.5991 | Probe Acc: 0.560
Epoch 59/100 | Train Loss: 3.5840, Val Loss: 3.5884 | Probe Acc: 0.564
Epoch 60/100 | Train Loss: 3.5768, Val Loss: 3.5936 | Probe Acc: 0.530
Epoch 61/100 | Train Loss: 3.5690, Val Loss: 3.5791 | Probe Acc: 0.532
Epoch 62/100 | Train Loss: 3.5633, Val Loss: 3.5859 | Probe Acc: 0.550
Epoch 63/100 | Train Loss: 3.5544, Val Loss: 3.5994 | Probe Acc: 0.538
Epoch 64/100 | Train Loss: 3.5510, Val Loss: 3.5547 | Probe Acc: 0.599
Epoch 65/100 | Train Loss: 3.5453, Val Loss: 3.5564 | Probe Acc: 0.581
Epoch 66/100 | Train Loss: 3.5378, Val Loss: 3.6036 | Probe Acc: 0.508
Epoch 67/100 | Train Loss: 3.5400, Val Loss: 3.5610 | Probe Acc: 0.555
Epoch 68/100 | Train Loss: 3.5231, Val Loss: 3.5608 | Probe Acc: 0.560
Epoch 69/100 | Train Loss: 3.5234, Val Loss: 3.5320 | Probe Acc: 0.578
Epoch 70/100 | Train Loss: 3.5201, Val Loss: 3.5638 | Probe Acc: 0.553
Epoch 71/100 | Train Loss: 3.5158, Val Loss: 3.5552 | Probe Acc: 0.582
Epoch 72/100 | Train Loss: 3.5163, Val Loss: 3.5518 | Probe Acc: 0.567
Epoch 73/100 | Train Loss: 3.5044, Val Loss: 3.5281 | Probe Acc: 0.571
Epoch 74/100 | Train Loss: 3.4987, Val Loss: 3.5310 | Probe Acc: 0.539
Epoch 75/100 | Train Loss: 3.4944, Val Loss: 3.5408 | Probe Acc: 0.529
Epoch 76/100 | Train Loss: 3.4910, Val Loss: 3.5525 | Probe Acc: 0.551
Epoch 77/100 | Train Loss: 3.4929, Val Loss: 3.5468 | Probe Acc: 0.554
Epoch 78/100 | Train Loss: 3.4859, Val Loss: 3.5361 | Probe Acc: 0.563
Epoch 79/100 | Train Loss: 3.4892, Val Loss: 3.5184 | Probe Acc: 0.558
Epoch 80/100 | Train Loss: 3.4749, Val Loss: 3.5203 | Probe Acc: 0.580
Epoch 81/100 | Train Loss: 3.4770, Val Loss: 3.5289 | Probe Acc: 0.553
Epoch 82/100 | Train Loss: 3.4701, Val Loss: 3.5157 | Probe Acc: 0.498
Epoch 83/100 | Train Loss: 3.4705, Val Loss: 3.5021 | Probe Acc: 0.553
Epoch 84/100 | Train Loss: 3.4680, Val Loss: 3.5180 | Probe Acc: 0.545
Epoch 85/100 | Train Loss: 3.4705, Val Loss: 3.5013 | Probe Acc: 0.579
Epoch 86/100 | Train Loss: 3.4591, Val Loss: 3.4978 | Probe Acc: 0.568
Epoch 87/100 | Train Loss: 3.4616, Val Loss: 3.5163 | Probe Acc: 0.547
Epoch 88/100 | Train Loss: 3.4605, Val Loss: 3.5180 | Probe Acc: 0.581
Epoch 89/100 | Train Loss: 3.4666, Val Loss: 3.4930 | Probe Acc: 0.566
Epoch 90/100 | Train Loss: 3.4591, Val Loss: 3.5012 | Probe Acc: 0.562
Epoch 91/100 | Train Loss: 3.4566, Val Loss: 3.4816 | Probe Acc: 0.580
Epoch 92/100 | Train Loss: 3.4568, Val Loss: 3.4942 | Probe Acc: 0.585
Epoch 93/100 | Train Loss: 3.4573, Val Loss: 3.5118 | Probe Acc: 0.564
Epoch 94/100 | Train Loss: 3.4594, Val Loss: 3.5075 | Probe Acc: 0.575
Epoch 95/100 | Train Loss: 3.4470, Val Loss: 3.4892 | Probe Acc: 0.571
Epoch 96/100 | Train Loss: 3.4498, Val Loss: 3.5003 | Probe Acc: 0.572
Epoch 97/100 | Train Loss: 3.4561, Val Loss: 3.5067 | Probe Acc: 0.563
Epoch 98/100 | Train Loss: 3.4501, Val Loss: 3.4898 | Probe Acc: 0.568
Epoch 99/100 | Train Loss: 3.4509, Val Loss: 3.5102 | Probe Acc: 0.542
wandb:                                                                                
wandb: 
wandb: Run history:
wandb:             epoch ▁▁▁▁▁▂▂▂▂▃▃▃▃▃▃▄▄▄▄▅▅▅▅▆▆▆▆▆▆▆▇▇▇▇▇▇▇███
wandb:  linear_probe_acc ▁▂▁▄▄▆▆▆▆▆▅▇▆▆▆▆▇▇▇▆▇█▇▇▇▇█▇▇██▇▇▆███▇█▇
wandb: simclr_train_loss █▆▆▅▅▄▄▄▃▃▃▃▂▂▂▂▂▂▂▂▂▁▁▁▁▁▁▁▁▁▁▁▁▁▁▁▁▁▁▁
wandb:   simclr_val_loss █▇▄▄▃▃▃▃▂▂▂▂▂▂▂▂▂▂▂▂▁▁▁▁▁▁▁▁▁▁▁▁▁▁▁▁▁▁▁▁
wandb: 
wandb: Run summary:
wandb:             epoch 100
wandb:  linear_probe_acc 0.55407
wandb: simclr_train_loss 3.44975
wandb:   simclr_val_loss 3.50362
wandb: 
wandb: 🚀 View run BS1024_LR4e-04_SEED42_TEMPERATURE0.2 at: https://wandb.ai/analiju-paris/eurosat-contrastive-scratch-grid-search/runs/9my8k1kj
wandb: ⭐️ View project at: https://wandb.ai/analiju-paris/eurosat-contrastive-scratch-grid-search
wandb: Synced 5 W&B file(s), 0 media file(s), 0 artifact file(s) and 0 other file(s)
wandb: Find logs at: ./wandb/run-20250619_104906-9my8k1kj/logs
wandb: Tracking run with wandb version 0.20.1
wandb: Run data is saved locally in /users/c/carvalhj/projects/eurosat_preprocessing/exploratory_notebooks/wandb/run-20250619_140234-wm81l5oe
wandb: Run `wandb offline` to turn off syncing.
wandb: Syncing run linear_probe_seed42_temperature0.2_bs1024
wandb: ⭐️ View project at https://wandb.ai/analiju-paris/linear_probe_eurosat-simclr
wandb: 🚀 View run at https://wandb.ai/analiju-paris/linear_probe_eurosat-simclr/runs/wm81l5oe
Epoch 100/100 | Train Loss: 3.4497, Val Loss: 3.5036 | Probe Acc: 0.554
Model saved to models/simclr_model_seed42_temperature0.2_bs1024.pth
All runs completed.
Using mean: [0.3441457450389862, 0.3800985515117645, 0.40766358375549316]
Using std: [0.09299740940332413, 0.06464491039514542, 0.05413917079567909]
Total samples in folder: 27000, classes: ['AnnualCrop', 'Forest', 'HerbaceousVegetation', 'Highway', 'Industrial', 'Pasture', 'PermanentCrop', 'Residential', 'River', 'SeaLake']
Stratified split sizes: train=21600, val=2700, test=2700
Train/Test loaders: 23/3 batches
Train + Val loader: 23 batches
Starting linear probe training...
/users/c/carvalhj/miniconda3/envs/myenv/lib/python3.10/site-packages/torch/optim/lr_scheduler.py:240: UserWarning: The epoch parameter in `scheduler.step()` was not necessary and is being deprecated where possible. Please use `scheduler.step()` to step the scheduler. During the deprecation, if epoch is different from None, the closed form is used instead of the new chainable form, where available. Please open an issue if you are unable to replicate   use case: https://github.com/pytorch/pytorch/issues/new/choose.
  warnings.warn(EPOCH_DEPRECATION_WARNING, UserWarning)
[Linear Probe] Epoch 1/20 - Loss: 2.1322, Accuracy: 28.64%
[Linear Probe] Epoch 2/20 - Loss: 1.1437, Accuracy: 66.48%
[Linear Probe] Epoch 3/20 - Loss: 0.9278, Accuracy: 69.84%
[Linear Probe] Epoch 4/20 - Loss: 0.8910, Accuracy: 71.18%
[Linear Probe] Epoch 5/20 - Loss: 0.8784, Accuracy: 71.81%
[Linear Probe] Epoch 6/20 - Loss: 0.8679, Accuracy: 72.00%
[Linear Probe] Epoch 7/20 - Loss: 0.8616, Accuracy: 71.90%
[Linear Probe] Epoch 8/20 - Loss: 0.8528, Accuracy: 72.22%
[Linear Probe] Epoch 9/20 - Loss: 0.8563, Accuracy: 71.98%
[Linear Probe] Epoch 10/20 - Loss: 0.8504, Accuracy: 72.39%
[Linear Probe] Epoch 11/20 - Loss: 0.8502, Accuracy: 72.21%
[Linear Probe] Epoch 12/20 - Loss: 0.8470, Accuracy: 72.55%
[Linear Probe] Epoch 13/20 - Loss: 0.8468, Accuracy: 72.53%
[Linear Probe] Epoch 14/20 - Loss: 0.8428, Accuracy: 72.51%
[Linear Probe] Epoch 15/20 - Loss: 0.8443, Accuracy: 72.53%
[Linear Probe] Epoch 16/20 - Loss: 0.8440, Accuracy: 72.53%
[Linear Probe] Epoch 17/20 - Loss: 0.8408, Accuracy: 72.67%
[Linear Probe] Epoch 18/20 - Loss: 0.8391, Accuracy: 72.61%
[Linear Probe] Epoch 19/20 - Loss: 0.8401, Accuracy: 72.49%
[Linear Probe] Epoch 20/20 - Loss: 0.8430, Accuracy: 72.39%
Test Accuracy: 73.11%
Linear probe accuracy: 72.39%, Test accuracy: 73.11%
[1;34mwandb[0m: 
[1;34mwandb[0m: 🚀 View run [33mlinear_probe_seed42_temperature0.2_bs1024[0m at: [34mhttps://wandb.ai/analiju-paris/linear_probe_eurosat-simclr/runs/wm81l5oe[0m
[1;34mwandb[0m: Find logs at: [1;35mwandb/run-20250619_140234-wm81l5oe/logs[0m
