wandb: Currently logged in as: analiju (analiju-paris) to https://api.wandb.ai. Use `wandb login --relogin` to force relogin
Conda version: 25.5.1
Python version: 3.10.16
PyTorch version: 2.5.1
CUDA available: True
CUDA device count: 2
Torchvision version: 0.20.1
Successfully set to use GPU: 1 (NVIDIA RTX A6000)
Final DEVICE variable is set to: cuda:1
Current PyTorch default device: 0
Current PyTorch default device (after set_device): 1
Dummy tensor is on device: cuda:1

=== Starting run with seed 42 ===
Total samples in folder: 27000, classes: ['AnnualCrop', 'Forest', 'HerbaceousVegetation', 'Highway', 'Industrial', 'Pasture', 'PermanentCrop', 'Residential', 'River', 'SeaLake']
Stratified split sizes: train=21600, val=2700, test=2700
wandb: Tracking run with wandb version 0.20.1
wandb: Run data is saved locally in /users/c/carvalhj/projects/eurosat_preprocessing/exploratory_notebooks/wandb/run-20250619_134425-ewvtz49z
wandb: Run `wandb offline` to turn off syncing.
wandb: Syncing run BS1024_LR4e-04_SEED42_TEMPERATURE0.1
wandb: ⭐️ View project at https://wandb.ai/analiju-paris/eurosat-contrastive-scratch-grid-search
wandb: 🚀 View run at https://wandb.ai/analiju-paris/eurosat-contrastive-scratch-grid-search/runs/ewvtz49z
Computed mean: [0.3441457450389862, 0.3800985515117645, 0.40766358375549316]
Computed std:  [0.09299740940332413, 0.06464491039514542, 0.05413917079567909]
Mean and std saved to models/mean_std.txt
Train/Val/Test loaders: 21/3/3 batches
Starting SimCLR training...
/users/c/carvalhj/miniconda3/envs/myenv/lib/python3.10/site-packages/torch/optim/lr_scheduler.py:240: UserWarning: The epoch parameter in `scheduler.step()` was not necessary and is being deprecated where possible. Please use `scheduler.step()` to step the scheduler. During the deprecation, if epoch is different from None, the closed form is used instead of the new chainable form, where available. Please open an issue if you are unable to replicate   use case: https://github.com/pytorch/pytorch/issues/new/choose.
  warnings.warn(EPOCH_DEPRECATION_WARNING, UserWarning)
Epoch 01/100 | Train Loss: 7.3840, Val Loss: 6.9082 | Probe Acc: 0.265
Epoch 02/100 | Train Loss: 6.6240, Val Loss: 6.4031 | Probe Acc: 0.343
Epoch 03/100 | Train Loss: 6.1099, Val Loss: 5.8369 | Probe Acc: 0.332
Epoch 04/100 | Train Loss: 5.5720, Val Loss: 5.4822 | Probe Acc: 0.337
Epoch 05/100 | Train Loss: 5.1540, Val Loss: 4.9110 | Probe Acc: 0.384
Epoch 06/100 | Train Loss: 4.7830, Val Loss: 4.5217 | Probe Acc: 0.384
Epoch 07/100 | Train Loss: 4.3952, Val Loss: 4.1796 | Probe Acc: 0.406
Epoch 08/100 | Train Loss: 4.0099, Val Loss: 3.7915 | Probe Acc: 0.468
Epoch 09/100 | Train Loss: 3.7322, Val Loss: 3.5384 | Probe Acc: 0.410
Epoch 10/100 | Train Loss: 3.3967, Val Loss: 3.1829 | Probe Acc: 0.449
Epoch 11/100 | Train Loss: 3.1214, Val Loss: 2.9121 | Probe Acc: 0.449
Epoch 12/100 | Train Loss: 2.8930, Val Loss: 2.7519 | Probe Acc: 0.434
Epoch 13/100 | Train Loss: 2.7034, Val Loss: 2.6586 | Probe Acc: 0.414
Epoch 14/100 | Train Loss: 2.5431, Val Loss: 2.5075 | Probe Acc: 0.431
Epoch 15/100 | Train Loss: 2.4477, Val Loss: 2.4840 | Probe Acc: 0.468
Epoch 16/100 | Train Loss: 2.3326, Val Loss: 2.2353 | Probe Acc: 0.408
Epoch 17/100 | Train Loss: 2.2408, Val Loss: 2.2501 | Probe Acc: 0.470
Epoch 18/100 | Train Loss: 2.1720, Val Loss: 2.1584 | Probe Acc: 0.430
Epoch 19/100 | Train Loss: 2.0765, Val Loss: 1.9861 | Probe Acc: 0.466
Epoch 20/100 | Train Loss: 1.9997, Val Loss: 1.9380 | Probe Acc: 0.440
Epoch 21/100 | Train Loss: 1.9618, Val Loss: 1.9447 | Probe Acc: 0.426
Epoch 22/100 | Train Loss: 1.8891, Val Loss: 1.8608 | Probe Acc: 0.423
Epoch 23/100 | Train Loss: 1.8304, Val Loss: 1.9070 | Probe Acc: 0.449
Epoch 24/100 | Train Loss: 1.7837, Val Loss: 1.8874 | Probe Acc: 0.391
Epoch 25/100 | Train Loss: 1.7371, Val Loss: 1.7463 | Probe Acc: 0.472
Epoch 26/100 | Train Loss: 1.7194, Val Loss: 1.7072 | Probe Acc: 0.449
Epoch 27/100 | Train Loss: 1.6869, Val Loss: 1.7148 | Probe Acc: 0.403
Epoch 28/100 | Train Loss: 1.6197, Val Loss: 1.7211 | Probe Acc: 0.443
Epoch 29/100 | Train Loss: 1.5963, Val Loss: 1.6502 | Probe Acc: 0.416
Epoch 30/100 | Train Loss: 1.5464, Val Loss: 1.7981 | Probe Acc: 0.360
Epoch 31/100 | Train Loss: 1.5569, Val Loss: 1.5920 | Probe Acc: 0.428
Epoch 32/100 | Train Loss: 1.5150, Val Loss: 1.6262 | Probe Acc: 0.420
Epoch 33/100 | Train Loss: 1.4900, Val Loss: 1.5680 | Probe Acc: 0.489
Epoch 34/100 | Train Loss: 1.4816, Val Loss: 1.5783 | Probe Acc: 0.419
Epoch 35/100 | Train Loss: 1.4606, Val Loss: 1.5285 | Probe Acc: 0.462
Epoch 36/100 | Train Loss: 1.4142, Val Loss: 1.4834 | Probe Acc: 0.413
Epoch 37/100 | Train Loss: 1.4107, Val Loss: 1.4877 | Probe Acc: 0.504
Epoch 38/100 | Train Loss: 1.3724, Val Loss: 1.4553 | Probe Acc: 0.469
Epoch 39/100 | Train Loss: 1.3607, Val Loss: 1.5166 | Probe Acc: 0.499
Epoch 40/100 | Train Loss: 1.3793, Val Loss: 1.4444 | Probe Acc: 0.447
Epoch 41/100 | Train Loss: 1.3258, Val Loss: 1.4153 | Probe Acc: 0.418
Epoch 42/100 | Train Loss: 1.2917, Val Loss: 1.4222 | Probe Acc: 0.465
Epoch 43/100 | Train Loss: 1.2951, Val Loss: 1.3511 | Probe Acc: 0.443
Epoch 44/100 | Train Loss: 1.2964, Val Loss: 1.4044 | Probe Acc: 0.454
Epoch 45/100 | Train Loss: 1.2578, Val Loss: 1.3794 | Probe Acc: 0.469
Epoch 46/100 | Train Loss: 1.2488, Val Loss: 1.3318 | Probe Acc: 0.462
Epoch 47/100 | Train Loss: 1.2324, Val Loss: 1.2958 | Probe Acc: 0.410
Epoch 48/100 | Train Loss: 1.2130, Val Loss: 1.2983 | Probe Acc: 0.404
Epoch 49/100 | Train Loss: 1.2107, Val Loss: 1.2973 | Probe Acc: 0.418
Epoch 50/100 | Train Loss: 1.1967, Val Loss: 1.2804 | Probe Acc: 0.399
Epoch 51/100 | Train Loss: 1.1810, Val Loss: 1.2179 | Probe Acc: 0.415
Epoch 52/100 | Train Loss: 1.1666, Val Loss: 1.2549 | Probe Acc: 0.423
Epoch 53/100 | Train Loss: 1.1667, Val Loss: 1.2631 | Probe Acc: 0.442
Epoch 54/100 | Train Loss: 1.1522, Val Loss: 1.2722 | Probe Acc: 0.457
Epoch 55/100 | Train Loss: 1.1487, Val Loss: 1.2515 | Probe Acc: 0.459
Epoch 56/100 | Train Loss: 1.1270, Val Loss: 1.2261 | Probe Acc: 0.416
Epoch 57/100 | Train Loss: 1.1159, Val Loss: 1.2041 | Probe Acc: 0.427
Epoch 58/100 | Train Loss: 1.1104, Val Loss: 1.1962 | Probe Acc: 0.425
Epoch 59/100 | Train Loss: 1.1076, Val Loss: 1.2501 | Probe Acc: 0.496
Epoch 60/100 | Train Loss: 1.0950, Val Loss: 1.2100 | Probe Acc: 0.416
Epoch 61/100 | Train Loss: 1.0804, Val Loss: 1.2128 | Probe Acc: 0.474
Epoch 62/100 | Train Loss: 1.0866, Val Loss: 1.1634 | Probe Acc: 0.394
Epoch 63/100 | Train Loss: 1.0624, Val Loss: 1.1687 | Probe Acc: 0.450
Epoch 64/100 | Train Loss: 1.0464, Val Loss: 1.1661 | Probe Acc: 0.379
Epoch 65/100 | Train Loss: 1.0344, Val Loss: 1.1731 | Probe Acc: 0.429
Epoch 66/100 | Train Loss: 1.0270, Val Loss: 1.1741 | Probe Acc: 0.448
Epoch 67/100 | Train Loss: 1.0302, Val Loss: 1.1585 | Probe Acc: 0.446
Epoch 68/100 | Train Loss: 1.0223, Val Loss: 1.1510 | Probe Acc: 0.402
Epoch 69/100 | Train Loss: 1.0112, Val Loss: 1.1392 | Probe Acc: 0.466
Epoch 70/100 | Train Loss: 1.0084, Val Loss: 1.1749 | Probe Acc: 0.424
Epoch 71/100 | Train Loss: 0.9988, Val Loss: 1.1335 | Probe Acc: 0.430
Epoch 72/100 | Train Loss: 1.0029, Val Loss: 1.1785 | Probe Acc: 0.430
Epoch 73/100 | Train Loss: 0.9855, Val Loss: 1.1135 | Probe Acc: 0.452
Epoch 74/100 | Train Loss: 0.9726, Val Loss: 1.0944 | Probe Acc: 0.446
Epoch 75/100 | Train Loss: 0.9663, Val Loss: 1.0714 | Probe Acc: 0.428
Epoch 76/100 | Train Loss: 0.9623, Val Loss: 1.1302 | Probe Acc: 0.387
Epoch 77/100 | Train Loss: 0.9650, Val Loss: 1.1009 | Probe Acc: 0.341
Epoch 78/100 | Train Loss: 0.9575, Val Loss: 1.1103 | Probe Acc: 0.483
Epoch 79/100 | Train Loss: 0.9537, Val Loss: 1.0868 | Probe Acc: 0.430
Epoch 80/100 | Train Loss: 0.9425, Val Loss: 1.1075 | Probe Acc: 0.453
Epoch 81/100 | Train Loss: 0.9491, Val Loss: 1.0703 | Probe Acc: 0.418
Epoch 82/100 | Train Loss: 0.9313, Val Loss: 1.0686 | Probe Acc: 0.462
Epoch 83/100 | Train Loss: 0.9350, Val Loss: 1.0649 | Probe Acc: 0.470
Epoch 84/100 | Train Loss: 0.9260, Val Loss: 1.0876 | Probe Acc: 0.470
Epoch 85/100 | Train Loss: 0.9330, Val Loss: 1.0722 | Probe Acc: 0.439
Epoch 86/100 | Train Loss: 0.9161, Val Loss: 1.1082 | Probe Acc: 0.451
Epoch 87/100 | Train Loss: 0.9170, Val Loss: 1.0915 | Probe Acc: 0.436
Epoch 88/100 | Train Loss: 0.9155, Val Loss: 1.0831 | Probe Acc: 0.419
Epoch 89/100 | Train Loss: 0.9236, Val Loss: 1.0948 | Probe Acc: 0.384
Epoch 90/100 | Train Loss: 0.9130, Val Loss: 1.0581 | Probe Acc: 0.491
Epoch 91/100 | Train Loss: 0.9121, Val Loss: 1.0727 | Probe Acc: 0.451
Epoch 92/100 | Train Loss: 0.9132, Val Loss: 1.0622 | Probe Acc: 0.426
Epoch 93/100 | Train Loss: 0.9120, Val Loss: 1.0590 | Probe Acc: 0.444
Epoch 94/100 | Train Loss: 0.9121, Val Loss: 1.0640 | Probe Acc: 0.437
Epoch 95/100 | Train Loss: 0.9013, Val Loss: 1.0662 | Probe Acc: 0.443
Epoch 96/100 | Train Loss: 0.8987, Val Loss: 1.0613 | Probe Acc: 0.402
Epoch 97/100 | Train Loss: 0.9106, Val Loss: 1.0726 | Probe Acc: 0.453
Epoch 98/100 | Train Loss: 0.9041, Val Loss: 1.0400 | Probe Acc: 0.446
Epoch 99/100 | Train Loss: 0.9019, Val Loss: 1.0786 | Probe Acc: 0.382
wandb:                                                                                
wandb: 
wandb: Run history:
wandb:             epoch ▁▁▁▁▂▂▂▂▂▂▃▃▃▃▃▃▃▄▄▄▅▅▅▅▅▆▆▆▆▆▇▇▇▇▇▇████
wandb:  linear_probe_acc ▁▃▃▇▄▄▄▇▅▅▆▄▆▅▅▇█▆▆▄▄▆▆▆▅▇▄▅▆▇▆▅▃▁▇▅▆▅▅▆
wandb: simclr_train_loss █▇▆▅▄▄▃▃▃▃▂▂▂▂▂▂▂▂▂▁▁▁▁▁▁▁▁▁▁▁▁▁▁▁▁▁▁▁▁▁
wandb:   simclr_val_loss █▇▇▄▃▂▂▂▂▂▂▂▂▂▂▂▁▁▁▁▁▁▁▁▁▁▁▁▁▁▁▁▁▁▁▁▁▁▁▁
wandb: 
wandb: Run summary:
wandb:             epoch 100
wandb:  linear_probe_acc 0.41
wandb: simclr_train_loss 0.90056
wandb:   simclr_val_loss 1.07941
wandb: 
wandb: 🚀 View run BS1024_LR4e-04_SEED42_TEMPERATURE0.1 at: https://wandb.ai/analiju-paris/eurosat-contrastive-scratch-grid-search/runs/ewvtz49z
wandb: ⭐️ View project at: https://wandb.ai/analiju-paris/eurosat-contrastive-scratch-grid-search
wandb: Synced 5 W&B file(s), 0 media file(s), 0 artifact file(s) and 0 other file(s)
wandb: Find logs at: ./wandb/run-20250619_134425-ewvtz49z/logs
wandb: Tracking run with wandb version 0.20.1
wandb: Run data is saved locally in /users/c/carvalhj/projects/eurosat_preprocessing/exploratory_notebooks/wandb/run-20250619_165833-yuez70ek
wandb: Run `wandb offline` to turn off syncing.
wandb: Syncing run linear_probe_seed42_temperature0.1_bs1024
wandb: ⭐️ View project at https://wandb.ai/analiju-paris/linear_probe_eurosat-simclr
wandb: 🚀 View run at https://wandb.ai/analiju-paris/linear_probe_eurosat-simclr/runs/yuez70ek
Epoch 100/100 | Train Loss: 0.9006, Val Loss: 1.0794 | Probe Acc: 0.410
Model saved to models/simclr_model_seed42_temperature0.1_bs1024.pth
All runs completed.
Using mean: [0.3441457450389862, 0.3800985515117645, 0.40766358375549316]
Using std: [0.09299740940332413, 0.06464491039514542, 0.05413917079567909]
Total samples in folder: 27000, classes: ['AnnualCrop', 'Forest', 'HerbaceousVegetation', 'Highway', 'Industrial', 'Pasture', 'PermanentCrop', 'Residential', 'River', 'SeaLake']
Stratified split sizes: train=21600, val=2700, test=2700
Train/Test loaders: 23/3 batches
Train + Val loader: 23 batches
Starting linear probe training...
/users/c/carvalhj/miniconda3/envs/myenv/lib/python3.10/site-packages/torch/optim/lr_scheduler.py:240: UserWarning: The epoch parameter in `scheduler.step()` was not necessary and is being deprecated where possible. Please use `scheduler.step()` to step the scheduler. During the deprecation, if epoch is different from None, the closed form is used instead of the new chainable form, where available. Please open an issue if you are unable to replicate   use case: https://github.com/pytorch/pytorch/issues/new/choose.
  warnings.warn(EPOCH_DEPRECATION_WARNING, UserWarning)
[Linear Probe] Epoch 1/20 - Loss: 2.1927, Accuracy: 23.99%
[Linear Probe] Epoch 2/20 - Loss: 1.4056, Accuracy: 61.19%
[Linear Probe] Epoch 3/20 - Loss: 1.0981, Accuracy: 67.56%
[Linear Probe] Epoch 4/20 - Loss: 1.0211, Accuracy: 69.37%
[Linear Probe] Epoch 5/20 - Loss: 0.9909, Accuracy: 70.08%
[Linear Probe] Epoch 6/20 - Loss: 0.9741, Accuracy: 70.48%
[Linear Probe] Epoch 7/20 - Loss: 0.9642, Accuracy: 70.42%
[Linear Probe] Epoch 8/20 - Loss: 0.9567, Accuracy: 70.53%
[Linear Probe] Epoch 9/20 - Loss: 0.9553, Accuracy: 70.58%
[Linear Probe] Epoch 10/20 - Loss: 0.9475, Accuracy: 71.03%
[Linear Probe] Epoch 11/20 - Loss: 0.9463, Accuracy: 70.96%
[Linear Probe] Epoch 12/20 - Loss: 0.9428, Accuracy: 71.14%
[Linear Probe] Epoch 13/20 - Loss: 0.9412, Accuracy: 71.15%
[Linear Probe] Epoch 14/20 - Loss: 0.9370, Accuracy: 71.33%
[Linear Probe] Epoch 15/20 - Loss: 0.9392, Accuracy: 71.33%
[Linear Probe] Epoch 16/20 - Loss: 0.9391, Accuracy: 71.08%
[Linear Probe] Epoch 17/20 - Loss: 0.9353, Accuracy: 71.14%
[Linear Probe] Epoch 18/20 - Loss: 0.9341, Accuracy: 71.51%
[Linear Probe] Epoch 19/20 - Loss: 0.9349, Accuracy: 71.80%
[Linear Probe] Epoch 20/20 - Loss: 0.9372, Accuracy: 71.11%
Test Accuracy: 71.33%
Linear probe accuracy: 71.11%, Test accuracy: 71.33%
[1;34mwandb[0m: 
[1;34mwandb[0m: 🚀 View run [33mlinear_probe_seed42_temperature0.1_bs1024[0m at: [34mhttps://wandb.ai/analiju-paris/linear_probe_eurosat-simclr/runs/yuez70ek[0m
[1;34mwandb[0m: Find logs at: [1;35mwandb/run-20250619_165833-yuez70ek/logs[0m
