wandb: Currently logged in as: analiju (analiju-paris) to https://api.wandb.ai. Use `wandb login --relogin` to force relogin
Conda version: 25.5.1
Python version: 3.10.16
PyTorch version: 2.5.1
CUDA available: True
CUDA device count: 3
Torchvision version: 0.20.1
Successfully set to use GPU: 2 (Quadro RTX 5000)
Final DEVICE variable is set to: cuda:2
Current PyTorch default device: 0
Current PyTorch default device (after set_device): 2
Dummy tensor is on device: cuda:2

=== Starting run with seed 42 ===
Total samples in folder: 27000, classes: ['AnnualCrop', 'Forest', 'HerbaceousVegetation', 'Highway', 'Industrial', 'Pasture', 'PermanentCrop', 'Residential', 'River', 'SeaLake']
Stratified split sizes: train=21600, val=2700, test=2700
wandb: Tracking run with wandb version 0.19.11
wandb: Run data is saved locally in /users/c/carvalhj/projects/eurosat_preprocessing/exploratory_notebooks/wandb/run-20250620_142521-qpoe4v8k
wandb: Run `wandb offline` to turn off syncing.
wandb: Syncing run BS256_LR4e-04_SEED42_TEMPERATURE0.5
wandb: ⭐️ View project at https://wandb.ai/analiju-paris/eurosat-contrastive-scratch-grid-search
wandb: 🚀 View run at https://wandb.ai/analiju-paris/eurosat-contrastive-scratch-grid-search/runs/qpoe4v8k
Computed mean: [0.3441457152366638, 0.3800986111164093, 0.40766361355781555]
Computed std:  [0.09299743920564651, 0.06464490294456482, 0.054139167070388794]
Mean and std saved to models/mean_std.txt
Train/Val/Test loaders: 84/11/11 batches
Starting SimCLR training...
Traceback (most recent call last):
  File "/users/c/carvalhj/projects/eurosat_preprocessing/exploratory_notebooks/eurosat_contrastive-bs256_ep100_temp_0.5.py", line 877, in <module>
    train_simclr(
  File "/users/c/carvalhj/projects/eurosat_preprocessing/exploratory_notebooks/eurosat_contrastive-bs256_ep100_temp_0.5.py", line 513, in train_simclr
    loss.backward()
  File "/users/c/carvalhj/miniconda3/envs/myenv/lib/python3.10/site-packages/torch/_tensor.py", line 581, in backward
    torch.autograd.backward(
  File "/users/c/carvalhj/miniconda3/envs/myenv/lib/python3.10/site-packages/torch/autograd/__init__.py", line 347, in backward
    _engine_run_backward(
  File "/users/c/carvalhj/miniconda3/envs/myenv/lib/python3.10/site-packages/torch/autograd/graph.py", line 825, in _engine_run_backward
    return Variable._execution_engine.run_backward(  # Calls into the C++ engine to run the backward pass
KeyboardInterrupt
[1;34mwandb[0m: 
[1;34mwandb[0m: 🚀 View run [33mBS256_LR4e-04_SEED42_TEMPERATURE0.5[0m at: [34mhttps://wandb.ai/analiju-paris/eurosat-contrastive-scratch-grid-search/runs/qpoe4v8k[0m
[1;34mwandb[0m: Find logs at: [1;35mwandb/run-20250620_142521-qpoe4v8k/logs[0m
