wandb: Currently logged in as: analiju (analiju-paris) to https://api.wandb.ai. Use `wandb login --relogin` to force relogin
/users/c/carvalhj/miniconda3/envs/myenv/lib/python3.10/site-packages/torchvision/transforms/v2/_deprecated.py:42: UserWarning: The transform `ToTensor()` is deprecated and will be removed in a future release. Instead, please use `v2.Compose([v2.ToImage(), v2.ToDtype(torch.float32, scale=True)])`.Output is equivalent up to float precision.
  warnings.warn(
Conda version: 25.5.1
Python version: 3.10.16
PyTorch version: 2.5.1
CUDA available: True
CUDA device count: 3
Torchvision version: 0.20.1
Successfully set to use GPU: 1 (Quadro RTX 5000)
Final DEVICE variable is set to: cuda:1
Current PyTorch default device: 0
Current PyTorch default device (after set_device): 1
Dummy tensor is on device: cuda:1

=== Starting run with seed 42 ===
Total samples in folder: 27000, classes: ['AnnualCrop', 'Forest', 'HerbaceousVegetation', 'Highway', 'Industrial', 'Pasture', 'PermanentCrop', 'Residential', 'River', 'SeaLake']
Stratified split sizes: train=21600, val=2700, test=2700
/users/c/carvalhj/miniconda3/envs/myenv/lib/python3.10/site-packages/torchvision/transforms/v2/_deprecated.py:42: UserWarning: The transform `ToTensor()` is deprecated and will be removed in a future release. Instead, please use `v2.Compose([v2.ToImage(), v2.ToDtype(torch.float32, scale=True)])`.Output is equivalent up to float precision.
  warnings.warn(
wandb: Tracking run with wandb version 0.19.11
wandb: Run data is saved locally in /users/c/carvalhj/projects/eurosat_preprocessing/exploratory_notebooks/wandb/run-20250625_014247-vmrdd8te
wandb: Run `wandb offline` to turn off syncing.
wandb: Syncing run BS256_LR4e-04_SEED42_TEMPERATURE0.2_EPOCHS60
wandb: ⭐️ View project at https://wandb.ai/analiju-paris/eurosat-contrastive-scratch
wandb: 🚀 View run at https://wandb.ai/analiju-paris/eurosat-contrastive-scratch/runs/vmrdd8te
/users/c/carvalhj/miniconda3/envs/myenv/lib/python3.10/site-packages/torchvision/transforms/v2/_deprecated.py:42: UserWarning: The transform `ToTensor()` is deprecated and will be removed in a future release. Instead, please use `v2.Compose([v2.ToImage(), v2.ToDtype(torch.float32, scale=True)])`.Output is equivalent up to float precision.
  warnings.warn(
Computed mean: [0.3441457152366638, 0.3800986111164093, 0.40766361355781555]
Computed std:  [0.09299743920564651, 0.06464490294456482, 0.054139167070388794]
Mean and std saved to models/mean_std.txt
Train/Val/Test loaders: 84/11/11 batches
Starting SimCLR training...
Traceback (most recent call last):
  File "/users/c/carvalhj/projects/eurosat_preprocessing/exploratory_notebooks/eurosat_contrastive_resize_224-bs256_ep60_temp_0.2.py", line 942, in <module>
    train_simclr(
  File "/users/c/carvalhj/projects/eurosat_preprocessing/exploratory_notebooks/eurosat_contrastive_resize_224-bs256_ep60_temp_0.2.py", line 538, in train_simclr
    _, z1 = model(x1)
  File "/users/c/carvalhj/miniconda3/envs/myenv/lib/python3.10/site-packages/torch/nn/modules/module.py", line 1736, in _wrapped_call_impl
    return self._call_impl(*args, **kwargs)
  File "/users/c/carvalhj/miniconda3/envs/myenv/lib/python3.10/site-packages/torch/nn/modules/module.py", line 1747, in _call_impl
    return forward_call(*args, **kwargs)
  File "/users/c/carvalhj/projects/eurosat_preprocessing/exploratory_notebooks/eurosat_contrastive_resize_224-bs256_ep60_temp_0.2.py", line 329, in forward
    feat = self.encoder(x)
  File "/users/c/carvalhj/miniconda3/envs/myenv/lib/python3.10/site-packages/torch/nn/modules/module.py", line 1736, in _wrapped_call_impl
    return self._call_impl(*args, **kwargs)
  File "/users/c/carvalhj/miniconda3/envs/myenv/lib/python3.10/site-packages/torch/nn/modules/module.py", line 1747, in _call_impl
    return forward_call(*args, **kwargs)
  File "/users/c/carvalhj/miniconda3/envs/myenv/lib/python3.10/site-packages/torchvision/models/resnet.py", line 285, in forward
    return self._forward_impl(x)
  File "/users/c/carvalhj/miniconda3/envs/myenv/lib/python3.10/site-packages/torchvision/models/resnet.py", line 274, in _forward_impl
    x = self.layer2(x)
  File "/users/c/carvalhj/miniconda3/envs/myenv/lib/python3.10/site-packages/torch/nn/modules/module.py", line 1736, in _wrapped_call_impl
    return self._call_impl(*args, **kwargs)
  File "/users/c/carvalhj/miniconda3/envs/myenv/lib/python3.10/site-packages/torch/nn/modules/module.py", line 1747, in _call_impl
    return forward_call(*args, **kwargs)
  File "/users/c/carvalhj/miniconda3/envs/myenv/lib/python3.10/site-packages/torch/nn/modules/container.py", line 250, in forward
    input = module(input)
  File "/users/c/carvalhj/miniconda3/envs/myenv/lib/python3.10/site-packages/torch/nn/modules/module.py", line 1736, in _wrapped_call_impl
    return self._call_impl(*args, **kwargs)
  File "/users/c/carvalhj/miniconda3/envs/myenv/lib/python3.10/site-packages/torch/nn/modules/module.py", line 1747, in _call_impl
    return forward_call(*args, **kwargs)
  File "/users/c/carvalhj/miniconda3/envs/myenv/lib/python3.10/site-packages/torchvision/models/resnet.py", line 155, in forward
    out = self.bn3(out)
  File "/users/c/carvalhj/miniconda3/envs/myenv/lib/python3.10/site-packages/torch/nn/modules/module.py", line 1736, in _wrapped_call_impl
    return self._call_impl(*args, **kwargs)
  File "/users/c/carvalhj/miniconda3/envs/myenv/lib/python3.10/site-packages/torch/nn/modules/module.py", line 1747, in _call_impl
    return forward_call(*args, **kwargs)
  File "/users/c/carvalhj/miniconda3/envs/myenv/lib/python3.10/site-packages/torch/nn/modules/batchnorm.py", line 193, in forward
    return F.batch_norm(
  File "/users/c/carvalhj/miniconda3/envs/myenv/lib/python3.10/site-packages/torch/nn/functional.py", line 2812, in batch_norm
    return torch.batch_norm(
torch.OutOfMemoryError: CUDA out of memory. Tried to allocate 392.00 MiB. GPU 1 has a total capacity of 15.56 GiB of which 58.38 MiB is free. Including non-PyTorch memory, this process has 15.49 GiB memory in use. Of the allocated memory 15.33 GiB is allocated by PyTorch, and 23.39 MiB is reserved by PyTorch but unallocated. If reserved but unallocated memory is large try setting PYTORCH_CUDA_ALLOC_CONF=expandable_segments:True to avoid fragmentation.  See documentation for Memory Management  (https://pytorch.org/docs/stable/notes/cuda.html#environment-variables)
[1;34mwandb[0m: 
[1;34mwandb[0m: 🚀 View run [33mBS256_LR4e-04_SEED42_TEMPERATURE0.2_EPOCHS60[0m at: [34mhttps://wandb.ai/analiju-paris/eurosat-contrastive-scratch/runs/vmrdd8te[0m
[1;34mwandb[0m: Find logs at: [1;35mwandb/run-20250625_014247-vmrdd8te/logs[0m
