wandb: Currently logged in as: analiju (analiju-paris) to https://api.wandb.ai. Use `wandb login --relogin` to force relogin
Conda version: 25.5.1
Python version: 3.10.16
PyTorch version: 2.5.1
CUDA available: True
CUDA device count: 2
Torchvision version: 0.20.1
Successfully set to use GPU: 1 (NVIDIA RTX A6000)
Final DEVICE variable is set to: cuda:1
Current PyTorch default device: 0
Current PyTorch default device (after set_device): 1
Dummy tensor is on device: cuda:1

=== Starting run with seed 42 ===
Total samples in folder: 27000, classes: ['AnnualCrop', 'Forest', 'HerbaceousVegetation', 'Highway', 'Industrial', 'Pasture', 'PermanentCrop', 'Residential', 'River', 'SeaLake']
Stratified split sizes: train=21600, val=2700, test=2700
wandb: Tracking run with wandb version 0.20.1
wandb: Run data is saved locally in /users/c/carvalhj/projects/eurosat_preprocessing/exploratory_notebooks/wandb/run-20250619_005812-ftqnlfsn
wandb: Run `wandb offline` to turn off syncing.
wandb: Syncing run BS32_LR4e-04_SEED42_TEMPERATURE0.2
wandb: ⭐️ View project at https://wandb.ai/analiju-paris/eurosat-contrastive-scratch-grid-search
wandb: 🚀 View run at https://wandb.ai/analiju-paris/eurosat-contrastive-scratch-grid-search/runs/ftqnlfsn
Computed mean: [0.3441457152366638, 0.38009852170944214, 0.40766340494155884]
Computed std:  [0.09299741685390472, 0.06464488059282303, 0.054139144718647]
Mean and std saved to models/mean_std.txt
Train/Val/Test loaders: 675/85/85 batches
Starting SimCLR training...
/users/c/carvalhj/miniconda3/envs/myenv/lib/python3.10/site-packages/torch/optim/lr_scheduler.py:240: UserWarning: The epoch parameter in `scheduler.step()` was not necessary and is being deprecated where possible. Please use `scheduler.step()` to step the scheduler. During the deprecation, if epoch is different from None, the closed form is used instead of the new chainable form, where available. Please open an issue if you are unable to replicate   use case: https://github.com/pytorch/pytorch/issues/new/choose.
  warnings.warn(EPOCH_DEPRECATION_WARNING, UserWarning)
Epoch 01/2 | Train Loss: 3.1729, Val Loss: 2.5756 | Probe Acc: 0.547
wandb:                                                                                
wandb: 
wandb: Run history:
wandb:             epoch ▁█
wandb:  linear_probe_acc █▁
wandb: simclr_train_loss █▁
wandb:   simclr_val_loss █▁
wandb: 
wandb: Run summary:
wandb:             epoch 2
wandb:  linear_probe_acc 0.53333
wandb: simclr_train_loss 1.85057
wandb:   simclr_val_loss 1.566
wandb: 
wandb: 🚀 View run BS32_LR4e-04_SEED42_TEMPERATURE0.2 at: https://wandb.ai/analiju-paris/eurosat-contrastive-scratch-grid-search/runs/ftqnlfsn
wandb: ⭐️ View project at: https://wandb.ai/analiju-paris/eurosat-contrastive-scratch-grid-search
wandb: Synced 5 W&B file(s), 0 media file(s), 0 artifact file(s) and 0 other file(s)
wandb: Find logs at: ./wandb/run-20250619_005812-ftqnlfsn/logs
wandb: Tracking run with wandb version 0.20.1
wandb: Run data is saved locally in /users/c/carvalhj/projects/eurosat_preprocessing/exploratory_notebooks/wandb/run-20250619_010228-u37qx7yj
wandb: Run `wandb offline` to turn off syncing.
wandb: Syncing run linear_probe_seed42_temperature0.2_bs32
wandb: ⭐️ View project at https://wandb.ai/analiju-paris/linear_probe_eurosat-simclr
wandb: 🚀 View run at https://wandb.ai/analiju-paris/linear_probe_eurosat-simclr/runs/u37qx7yj
Epoch 02/2 | Train Loss: 1.8506, Val Loss: 1.5660 | Probe Acc: 0.533
Model saved to models/simclr_model_seed42_temperature0.2_bs32.pth
All runs completed.
Using mean: [0.3441457152366638, 0.38009852170944214, 0.40766340494155884]
Using std: [0.09299741685390472, 0.06464488059282303, 0.054139144718647]
Total samples in folder: 27000, classes: ['AnnualCrop', 'Forest', 'HerbaceousVegetation', 'Highway', 'Industrial', 'Pasture', 'PermanentCrop', 'Residential', 'River', 'SeaLake']
Stratified split sizes: train=21600, val=2700, test=2700
Train/Test loaders: 759/85 batches
Train + Val loader: 759 batches
Starting linear probe training...
/users/c/carvalhj/miniconda3/envs/myenv/lib/python3.10/site-packages/torch/optim/lr_scheduler.py:240: UserWarning: The epoch parameter in `scheduler.step()` was not necessary and is being deprecated where possible. Please use `scheduler.step()` to step the scheduler. During the deprecation, if epoch is different from None, the closed form is used instead of the new chainable form, where available. Please open an issue if you are unable to replicate   use case: https://github.com/pytorch/pytorch/issues/new/choose.
  warnings.warn(EPOCH_DEPRECATION_WARNING, UserWarning)
[Linear Probe] Epoch 1/2 - Loss: 1.5766, Accuracy: 43.04%
[Linear Probe] Epoch 2/2 - Loss: 1.3552, Accuracy: 50.55%
Test Accuracy: 55.48%
Linear probe accuracy: 50.55%, Test accuracy: 55.48%
[1;34mwandb[0m: 
[1;34mwandb[0m: 🚀 View run [33mlinear_probe_seed42_temperature0.2_bs32[0m at: [34mhttps://wandb.ai/analiju-paris/linear_probe_eurosat-simclr/runs/u37qx7yj[0m
[1;34mwandb[0m: Find logs at: [1;35mwandb/run-20250619_010228-u37qx7yj/logs[0m
